{"/home/travis/build/kaizhu256/node-uglifyjs-lite/test.js":{"path":"/home/travis/build/kaizhu256/node-uglifyjs-lite/test.js","s":{"1":2,"2":2,"3":2,"4":2,"5":2,"6":2,"7":2,"8":1,"9":2,"10":2,"11":2,"12":2,"13":2,"14":2,"15":2,"16":2,"17":2,"18":2,"19":2},"b":{"1":[2,1,1,1],"2":[1,1,1,1],"3":[1,1],"4":[2,1]},"f":{"1":2,"2":2,"3":2,"4":2,"5":2},"fnMap":{"1":{"name":"(anonymous_1)","line":13,"loc":{"start":{"line":13,"column":1},"end":{"line":13,"column":13}}},"2":{"name":"(anonymous_2)","line":20,"loc":{"start":{"line":20,"column":5},"end":{"line":20,"column":17}}},"3":{"name":"(anonymous_3)","line":24,"loc":{"start":{"line":24,"column":24},"end":{"line":24,"column":36}}},"4":{"name":"(anonymous_4)","line":51,"loc":{"start":{"line":51,"column":5},"end":{"line":51,"column":17}}},"5":{"name":"(anonymous_5)","line":52,"loc":{"start":{"line":52,"column":40},"end":{"line":52,"column":68}}}},"statementMap":{"1":{"start":{"line":13,"column":0},"end":{"line":68,"column":5}},"2":{"start":{"line":15,"column":4},"end":{"line":15,"column":14}},"3":{"start":{"line":20,"column":4},"end":{"line":46,"column":9}},"4":{"start":{"line":22,"column":8},"end":{"line":22,"column":19}},"5":{"start":{"line":24,"column":8},"end":{"line":36,"column":13}},"6":{"start":{"line":25,"column":12},"end":{"line":35,"column":13}},"7":{"start":{"line":26,"column":16},"end":{"line":29,"column":30}},"8":{"start":{"line":31,"column":16},"end":{"line":34,"column":27}},"9":{"start":{"line":38,"column":8},"end":{"line":40,"column":21}},"10":{"start":{"line":42,"column":8},"end":{"line":43,"column":49}},"11":{"start":{"line":45,"column":8},"end":{"line":45,"column":33}},"12":{"start":{"line":51,"column":4},"end":{"line":67,"column":9}},"13":{"start":{"line":52,"column":8},"end":{"line":66,"column":10}},"14":{"start":{"line":56,"column":12},"end":{"line":56,"column":25}},"15":{"start":{"line":58,"column":12},"end":{"line":58,"column":73}},"16":{"start":{"line":60,"column":12},"end":{"line":60,"column":67}},"17":{"start":{"line":62,"column":12},"end":{"line":62,"column":59}},"18":{"start":{"line":64,"column":12},"end":{"line":64,"column":56}},"19":{"start":{"line":65,"column":12},"end":{"line":65,"column":22}}},"branchMap":{"1":{"line":26,"type":"binary-expr","locations":[{"start":{"line":26,"column":23},"end":{"line":26,"column":62}},{"start":{"line":27,"column":20},"end":{"line":27,"column":70}},{"start":{"line":28,"column":20},"end":{"line":28,"column":71}},{"start":{"line":29,"column":20},"end":{"line":29,"column":29}}]},"2":{"line":31,"type":"binary-expr","locations":[{"start":{"line":31,"column":23},"end":{"line":31,"column":37}},{"start":{"line":32,"column":20},"end":{"line":32,"column":61}},{"start":{"line":33,"column":20},"end":{"line":33,"column":70}},{"start":{"line":34,"column":20},"end":{"line":34,"column":26}}]},"3":{"line":38,"type":"cond-expr","locations":[{"start":{"line":39,"column":14},"end":{"line":39,"column":20}},{"start":{"line":40,"column":14},"end":{"line":40,"column":20}}]},"4":{"line":42,"type":"binary-expr","locations":[{"start":{"line":42,"column":38},"end":{"line":42,"column":59}},{"start":{"line":43,"column":12},"end":{"line":43,"column":31}}]}},"code":["/* istanbul instrument in package uglifyjs */","/* jslint-utility2 */","/*jslint","    bitwise: true,","    browser: true,","    maxerr: 4,","    maxlen: 100,","    node: true,","    nomen: true,","    regexp: true,","    stupid: true","*/","(function () {","    'use strict';","    var local;","","","","    // run shared js-env code - init-before","    (function () {","        // init local","        local = {};","        // init modeJs","        local.modeJs = (function () {","            try {","                return typeof navigator.userAgent === 'string' &&","                    typeof document.querySelector('body') === 'object' &&","                    typeof XMLHttpRequest.prototype.open === 'function' &&","                    'browser';","            } catch (errorCaughtBrowser) {","                return module.exports &&","                    typeof process.versions.node === 'string' &&","                    typeof require('http').createServer === 'function' &&","                    'node';","            }","        }());","        // init global","        local.global = local.modeJs === 'browser'","            ? window","            : global;","        // re-init local","        local = local.global.local = (local.global.utility2 ||","            require('utility2')).requireReadme();","        // init test","        local.testRunInit(local);","    }());","","","","    // run shared js-env code - function","    (function () {","        local.testCase_uglify_default = function (options, onError) {","        /*","         * this function will test uglify's default handling-behavior","         */","            options = {};","            // test css handling-behavior","            options.data = local.uglify('body { margin: 0; }', 'aa.css');","            // validate data","            local.assertJsonEqual(options.data, 'body{margin:0;}');","            // test js handling-behavior","            options.data = local.uglify('aa = 1', 'aa.js');","            // validate data","            local.assertJsonEqual(options.data, 'aa=1');","            onError();","        };","    }());","}());",""],"l":{"13":2,"15":2,"20":2,"22":2,"24":2,"25":2,"26":2,"31":1,"38":2,"42":2,"45":2,"51":2,"52":2,"56":2,"58":2,"60":2,"62":2,"64":2,"65":2}},"/home/travis/build/kaizhu256/node-uglifyjs-lite/lib.uglifyjs.js":{"path":"/home/travis/build/kaizhu256/node-uglifyjs-lite/lib.uglifyjs.js","s":{"1":2,"2":2,"3":2,"4":2,"5":2,"6":2,"7":2,"8":1,"9":2,"10":2,"11":2,"12":0,"13":0,"14":2,"15":1,"16":1,"17":1,"18":1,"19":1,"20":1,"21":1,"22":1,"23":1,"24":1,"25":1,"26":1,"27":1,"28":1,"29":1,"30":1,"31":1,"32":1,"33":1,"34":1,"35":1,"36":1,"37":1,"38":1,"39":1,"40":1,"41":1,"42":1,"43":1,"44":1,"45":1,"46":1,"47":1,"48":1,"49":1,"50":2,"51":2,"52":2,"53":0,"54":0,"55":0,"56":0,"57":0,"58":0,"59":0,"60":0,"61":0,"62":0,"63":0,"64":0,"65":0,"66":0,"67":0,"68":0,"69":0,"70":0,"71":0,"72":0,"73":0,"74":0,"75":0,"76":0,"77":0,"78":0,"79":0,"80":0,"81":0,"82":0,"83":0,"84":0,"85":0,"86":0,"87":0,"88":0,"89":0,"90":0,"91":0,"92":0,"93":0,"94":0,"95":0,"96":0,"97":0,"98":0,"99":0,"100":0,"101":0,"102":0,"103":0,"104":0,"105":0,"106":0,"107":0,"108":0,"109":0,"110":2,"111":2,"112":2,"113":2,"114":6,"115":2,"116":2,"117":127,"118":2,"119":61,"120":2,"121":28,"122":2,"123":4,"124":2,"125":28,"126":2,"127":28,"128":2,"129":127,"130":2,"131":105,"132":2,"133":4,"134":0,"135":4,"136":0,"137":4,"138":4,"139":2,"140":0,"141":2,"142":0,"143":2,"144":329,"145":2,"146":2,"147":249,"148":2,"149":128,"150":128,"151":0,"152":128,"153":2,"154":0,"155":2,"156":0,"157":0,"158":0,"159":0,"160":2,"161":59,"162":2,"163":59,"164":59,"165":59,"166":59,"167":59,"168":0,"169":59,"170":2,"171":59,"172":11,"173":2,"174":4,"175":4,"176":4,"177":4,"178":2,"179":0,"180":2,"181":4,"182":4,"183":4,"184":4,"185":4,"186":4,"187":0,"188":2,"189":0,"190":0,"191":0,"192":0,"193":0,"194":0,"195":0,"196":0,"197":0,"198":0,"199":0,"200":0,"201":0,"202":2,"203":0,"204":0,"205":0,"206":0,"207":0,"208":2,"209":2,"210":2,"211":2,"212":12,"213":12,"214":0,"215":0,"216":0,"217":0,"218":0,"219":0,"220":0,"221":0,"222":0,"223":0,"224":12,"225":2,"226":10,"227":0,"228":10,"229":2,"230":2,"231":0,"232":0,"233":0,"234":2,"235":0,"236":0,"237":0,"238":2,"239":22,"240":22,"241":96,"242":96,"243":0,"244":96,"245":22,"246":74,"247":0,"248":22,"249":2,"250":0,"251":0,"252":0,"253":0,"254":0,"255":0,"256":0,"257":0,"258":0,"259":0,"260":0,"261":0,"262":0,"263":0,"264":2,"265":2,"266":6,"267":0,"268":6,"269":6,"270":6,"271":2,"272":0,"273":0,"274":0,"275":0,"276":0,"277":0,"278":2,"279":4,"280":2,"281":22,"282":22,"283":2,"284":2,"285":2,"286":0,"287":0,"288":0,"289":2,"290":59,"291":0,"292":59,"293":59,"294":59,"295":6,"296":53,"297":4,"298":49,"299":2,"300":47,"301":15,"302":32,"303":4,"304":28,"305":0,"306":28,"307":6,"308":22,"309":22,"310":0,"311":6,"312":6,"313":0,"314":2,"315":0,"316":2,"317":2,"318":321,"319":2,"320":8,"321":2,"322":59,"323":2,"324":0,"325":2,"326":0,"327":0,"328":2,"329":0,"330":2,"331":0,"332":2,"333":0,"334":0,"335":0,"336":2,"337":0,"338":2,"339":5,"340":2,"341":10,"342":2,"343":52,"344":2,"345":0,"346":0,"347":0,"348":2,"349":0,"350":2,"351":18,"352":0,"353":0,"354":2,"355":0,"356":0,"357":0,"358":2,"359":8,"360":2,"361":0,"362":0,"363":2,"364":0,"365":0,"366":0,"367":0,"368":0,"369":0,"370":0,"371":2,"372":0,"373":0,"374":0,"375":0,"376":0,"377":2,"378":0,"379":0,"380":0,"381":0,"382":2,"383":0,"384":0,"385":2,"386":0,"387":0,"388":0,"389":0,"390":0,"391":2,"392":0,"393":0,"394":0,"395":0,"396":0,"397":0,"398":2,"399":2,"400":2,"401":2,"402":2,"403":2,"404":2,"405":2,"406":0,"407":2,"408":2,"409":2,"410":2,"411":0,"412":2,"413":0,"414":0,"415":2,"416":4,"417":4,"418":4,"419":4,"420":0,"421":4,"422":4,"423":2,"424":0,"425":2,"426":0,"427":0,"428":0,"429":0,"430":0,"431":0,"432":0,"433":0,"434":2,"435":0,"436":0,"437":0,"438":2,"439":4,"440":4,"441":0,"442":2,"443":28,"444":2,"445":20,"446":0,"447":20,"448":20,"449":0,"450":20,"451":2,"452":0,"453":2,"454":20,"455":20,"456":20,"457":20,"458":0,"459":0,"460":0,"461":20,"462":2,"463":20,"464":2,"465":20,"466":20,"467":0,"468":0,"469":0,"470":20,"471":2,"472":6,"473":6,"474":0,"475":0,"476":0,"477":2,"478":20,"479":20,"480":6,"481":6,"482":0,"483":14,"484":2,"485":0,"486":0,"487":0,"488":6,"489":6,"490":6,"491":10,"492":0,"493":10,"494":0,"495":0,"496":0,"497":0,"498":0,"499":8,"500":0,"501":0,"502":0,"503":0,"504":0,"505":2,"506":0,"507":0,"508":0,"509":0,"510":0,"511":0,"512":0,"513":0,"514":0,"515":0,"516":0,"517":0,"518":2,"519":0,"520":0,"521":0,"522":0,"523":0,"524":0,"525":0,"526":0,"527":0,"528":0,"529":0,"530":0,"531":0,"532":0,"533":0,"534":0,"535":0,"536":0,"537":0,"538":20,"539":0,"540":20,"541":0,"542":0,"543":0,"544":0,"545":0,"546":20,"547":0,"548":20,"549":20,"550":20,"551":0,"552":14,"553":14,"554":14,"555":6,"556":6,"557":10,"558":6,"559":2,"560":9,"561":9,"562":3,"563":2,"564":36,"565":36,"566":36,"567":36,"568":2,"569":32,"570":32,"571":404,"572":32,"573":2,"574":90,"575":2,"576":10,"577":2,"578":10,"579":40,"580":0,"581":10,"582":2,"583":0,"584":2,"585":2,"586":0,"587":2,"588":2,"589":22,"590":2,"591":2,"592":20,"593":20,"594":46,"595":2,"596":2,"597":0,"598":2,"599":2,"600":0,"601":2,"602":2,"603":7,"604":7,"605":7,"606":2,"607":0,"608":0,"609":2,"610":241,"611":7,"612":234,"613":234,"614":234,"615":234,"616":96,"617":96,"618":66,"619":168,"620":234,"621":2,"622":0,"623":0,"624":0,"625":0,"626":0,"627":2,"628":24,"629":24,"630":309,"631":24,"632":24,"633":309,"634":24,"635":24,"636":8,"637":12,"638":49,"639":6,"640":0,"641":0,"642":0,"643":0,"644":0,"645":0,"646":0,"647":0,"648":18,"649":16,"650":12,"651":0,"652":0,"653":0,"654":0,"655":0,"656":0,"657":0,"658":0,"659":0,"660":0,"661":0,"662":0,"663":0,"664":0,"665":0,"666":0,"667":0,"668":32,"669":8,"670":0,"671":0,"672":0,"673":0,"674":24,"675":0,"676":0,"677":2,"678":12,"679":2,"680":2,"681":2,"682":2,"683":6,"684":6,"685":6,"686":2,"687":2,"688":2,"689":14,"690":2,"691":0,"692":0,"693":0,"694":0,"695":2,"696":12,"697":2,"698":2,"699":2,"700":0,"701":6,"702":6,"703":2,"704":6,"705":0,"706":6,"707":10,"708":10,"709":10,"710":10,"711":2,"712":6,"713":0,"714":0,"715":0,"716":0,"717":0,"718":14,"719":6,"720":6,"721":0,"722":0,"723":0,"724":2,"725":2,"726":9,"727":2,"728":7,"729":0,"730":2,"731":0,"732":0,"733":0,"734":0,"735":0,"736":0,"737":2,"738":3,"739":3,"740":3,"741":0,"742":0,"743":3,"744":1,"745":3,"746":3,"747":2,"748":1,"749":1,"750":2,"751":0,"752":0,"753":3,"754":3,"755":0,"756":0,"757":0,"758":0,"759":0,"760":7,"761":0,"762":3,"763":3,"764":3,"765":0,"766":3,"767":2,"768":0,"769":2,"770":0,"771":2,"772":0,"773":0,"774":0,"775":2,"776":0,"777":2,"778":0,"779":2,"780":0,"781":2,"782":0,"783":2,"784":2,"785":6,"786":6,"787":10,"788":10,"789":10,"790":0,"791":0,"792":0,"793":0,"794":0,"795":0,"796":0,"797":6,"798":2,"799":0,"800":2,"801":0,"802":6,"803":6,"804":6,"805":0,"806":6,"807":2,"808":2,"809":0,"810":2,"811":0,"812":2,"813":0,"814":2,"815":0,"816":0,"817":2,"818":0,"819":0,"820":0,"821":0,"822":0,"823":0,"824":0,"825":0,"826":0,"827":0,"828":0,"829":0,"830":0,"831":2,"832":2,"833":0,"834":0,"835":0,"836":0,"837":0,"838":0,"839":0,"840":0,"841":0,"842":0,"843":0,"844":0,"845":0,"846":0,"847":0,"848":0,"849":0,"850":2,"851":0,"852":0,"853":0,"854":0,"855":0,"856":0,"857":0,"858":2,"859":0,"860":0,"861":0,"862":0,"863":0,"864":0,"865":0,"866":0,"867":0,"868":0,"869":0,"870":0,"871":2,"872":3,"873":2,"874":2,"875":0,"876":0,"877":0,"878":0,"879":0,"880":0,"881":0,"882":0,"883":0,"884":0,"885":0,"886":0,"887":0,"888":0,"889":0,"890":0,"891":0,"892":0,"893":0,"894":0,"895":2,"896":0,"897":0,"898":0,"899":0,"900":2,"901":0,"902":2,"903":0,"904":2,"905":6,"906":10,"907":6,"908":10,"909":6,"910":10,"911":0,"912":6,"913":10,"914":2,"915":0,"916":0,"917":0,"918":2,"919":0,"920":0,"921":2,"922":0,"923":0,"924":0,"925":0,"926":0,"927":0,"928":0,"929":0,"930":0,"931":0,"932":2,"933":0,"934":0,"935":3,"936":3,"937":3,"938":0,"939":0,"940":0,"941":0,"942":0,"943":0,"944":6,"945":0,"946":0,"947":0,"948":0,"949":0,"950":0,"951":0,"952":0,"953":0,"954":0,"955":0,"956":0,"957":0,"958":0,"959":0,"960":0,"961":0,"962":0,"963":0,"964":0,"965":0,"966":0,"967":0,"968":14,"969":0,"970":0,"971":6,"972":6,"973":6,"974":4,"975":4,"976":3,"977":2,"978":2,"979":3,"980":3,"981":2,"982":0,"983":3,"984":3,"985":0,"986":0,"987":0,"988":3,"989":3,"990":2,"991":1,"992":1,"993":0,"994":0,"995":0,"996":0,"997":0,"998":0,"999":0,"1000":0,"1001":0,"1002":0,"1003":0,"1004":0,"1005":2,"1006":10,"1007":0,"1008":0,"1009":0,"1010":0,"1011":2,"1012":2,"1013":1,"1014":1,"1015":2,"1016":9,"1017":2,"1018":4,"1019":2,"1020":0,"1021":0,"1022":0,"1023":0,"1024":2,"1025":12,"1026":2,"1027":6,"1028":2,"1029":3,"1030":0,"1031":3,"1032":3,"1033":9,"1034":9,"1035":3,"1036":2,"1037":5,"1038":2,"1039":5,"1040":5,"1041":5,"1042":5,"1043":0,"1044":5,"1045":2,"1046":6,"1047":0,"1048":6,"1049":4,"1050":4,"1051":2,"1052":2,"1053":4,"1054":0,"1055":0,"1056":0,"1057":0,"1058":0,"1059":0,"1060":0,"1061":4,"1062":2,"1063":2,"1064":2,"1065":2,"1066":0,"1067":0,"1068":0,"1069":0,"1070":0,"1071":0,"1072":0,"1073":0,"1074":0,"1075":0,"1076":0,"1077":0,"1078":0,"1079":0,"1080":0,"1081":0,"1082":0,"1083":2,"1084":0,"1085":0,"1086":2,"1087":3,"1088":0,"1089":0,"1090":0,"1091":0,"1092":0,"1093":0,"1094":0,"1095":0,"1096":2,"1097":3,"1098":4,"1099":4,"1100":3,"1101":2,"1102":0,"1103":0,"1104":0,"1105":0,"1106":0,"1107":0,"1108":2,"1109":0,"1110":0,"1111":2,"1112":1,"1113":1,"1114":3,"1115":3,"1116":3,"1117":0,"1118":3,"1119":0,"1120":0,"1121":0,"1122":1,"1123":0,"1124":0,"1125":0,"1126":0,"1127":0,"1128":0,"1129":0,"1130":0,"1131":0,"1132":0,"1133":0,"1134":0,"1135":0,"1136":0,"1137":0,"1138":0,"1139":0,"1140":0,"1141":0,"1142":0,"1143":0,"1144":3,"1145":2,"1146":2,"1147":2,"1148":2,"1149":2,"1150":2,"1151":2,"1152":2,"1153":0,"1154":0,"1155":0,"1156":0,"1157":0,"1158":0,"1159":0,"1160":0,"1161":0,"1162":0,"1163":0,"1164":0,"1165":0,"1166":0,"1167":0,"1168":0,"1169":0,"1170":0,"1171":0,"1172":0,"1173":0,"1174":0,"1175":0,"1176":0,"1177":0,"1178":0,"1179":0,"1180":0,"1181":0,"1182":0,"1183":0,"1184":0,"1185":0,"1186":0,"1187":3,"1188":2,"1189":0,"1190":0,"1191":0,"1192":0,"1193":3,"1194":2,"1195":3,"1196":3,"1197":2,"1198":28,"1199":2,"1200":0,"1201":2,"1202":29,"1203":29,"1204":29,"1205":1,"1206":28,"1207":0,"1208":0,"1209":0,"1210":29,"1211":3,"1212":3,"1213":0,"1214":3,"1215":2,"1216":0,"1217":0,"1218":0,"1219":0,"1220":0,"1221":0,"1222":2,"1223":9,"1224":9,"1225":9,"1226":51,"1227":9,"1228":2,"1229":0,"1230":2,"1231":973,"1232":2,"1233":2,"1234":2,"1235":0,"1236":0,"1237":0,"1238":0,"1239":2,"1240":10,"1241":10,"1242":2,"1243":0,"1244":0,"1245":0,"1246":0,"1247":0,"1248":0,"1249":0,"1250":0,"1251":0,"1252":0,"1253":0,"1254":0,"1255":0,"1256":0,"1257":0,"1258":0,"1259":0,"1260":0,"1261":0,"1262":0,"1263":0,"1264":0,"1265":0,"1266":2,"1267":2,"1268":2,"1269":2,"1270":0,"1271":2,"1272":2,"1273":0,"1274":0,"1275":0,"1276":0,"1277":0,"1278":0,"1279":0,"1280":0,"1281":0,"1282":0,"1283":0,"1284":0,"1285":0,"1286":0,"1287":0,"1288":0,"1289":0,"1290":0,"1291":0,"1292":0,"1293":0,"1294":0,"1295":0,"1296":0,"1297":0,"1298":0,"1299":0,"1300":0,"1301":0,"1302":0,"1303":0,"1304":0,"1305":0,"1306":0,"1307":0,"1308":0,"1309":0,"1310":0,"1311":0,"1312":0,"1313":2,"1314":2,"1315":0,"1316":0,"1317":0,"1318":0,"1319":0,"1320":0,"1321":0,"1322":0,"1323":0,"1324":0,"1325":0,"1326":0,"1327":0,"1328":0,"1329":0,"1330":0,"1331":0,"1332":0,"1333":0,"1334":0,"1335":0,"1336":0,"1337":0,"1338":2,"1339":2,"1340":0,"1341":2,"1342":0,"1343":2,"1344":2,"1345":93,"1346":93,"1347":72,"1348":72,"1349":72,"1350":93,"1351":0,"1352":0,"1353":72,"1354":0,"1355":0,"1356":2,"1357":0,"1358":2,"1359":5,"1360":5,"1361":2,"1362":3,"1363":3,"1364":3,"1365":3,"1366":3,"1367":3,"1368":2,"1369":1,"1370":1,"1371":0,"1372":0,"1373":0,"1374":0,"1375":0,"1376":0,"1377":0,"1378":0,"1379":0,"1380":0,"1381":0,"1382":0},"b":{"1":[2,1,1,1],"2":[1,1,1,1],"3":[1,1],"4":[2,2],"5":[0,2],"6":[0,0,0],"7":[1,1],"8":[0,0],"9":[0,0],"10":[0,0],"11":[0,0],"12":[0,0],"13":[0,0],"14":[0,0],"15":[0,0],"16":[0,0],"17":[0,0],"18":[0,0],"19":[0,0],"20":[0,0],"21":[0,0],"22":[0,0],"23":[0,0],"24":[0,0],"25":[0,0],"26":[0,0],"27":[0,0],"28":[0,0],"29":[0,0],"30":[0,0],"31":[0,0],"32":[61,45],"33":[4,0],"34":[127,127,127],"35":[105,28,28,28,28,28],"36":[0,4],"37":[0,4],"38":[4,0],"39":[329,98,67],"40":[0,128],"41":[128,12],"42":[3,125],"43":[3,3],"44":[0,0],"45":[0,0],"46":[59,6,53,2,53,19],"47":[59,0],"48":[0,0],"49":[8,4],"50":[0,4],"51":[4,4],"52":[0,0],"53":[4,0],"54":[4,4,4],"55":[0,4],"56":[0,0],"57":[0,0,0],"58":[0,4],"59":[0,4],"60":[0,0],"61":[0,0,0],"62":[0,0],"63":[4,0],"64":[4,0],"65":[0,0,0,0,0,0,0,0,0,0,0],"66":[0,0],"67":[0,12],"68":[0,0],"69":[0,0],"70":[0,0],"71":[0,0],"72":[0,0],"73":[0,0],"74":[0,0],"75":[0,0],"76":[2,10],"77":[0,10],"78":[0,0],"79":[0,0],"80":[0,0],"81":[96,0],"82":[0,96],"83":[22,74],"84":[0,0],"85":[0,0],"86":[22,2,0],"87":[0,0],"88":[0,0],"89":[0,0],"90":[0,0],"91":[0,0],"92":[0,0],"93":[0,0],"94":[0,6],"95":[0,6],"96":[6,6],"97":[0,0],"98":[0,0],"99":[0,4],"100":[2,20],"101":[0,2],"102":[0,2],"103":[0,0],"104":[0,59],"105":[6,53],"106":[4,49],"107":[2,47],"108":[49,47],"109":[15,32],"110":[4,28],"111":[0,28],"112":[6,22],"113":[22,0],"114":[22,22],"115":[0,0],"116":[8,8],"117":[8,51],"118":[59,6,6],"119":[0,0],"120":[0,0],"121":[0,0],"122":[0,0],"123":[0,0],"124":[5,5,5,0],"125":[5,5],"126":[5,0],"127":[0,0],"128":[0,18],"129":[0,0,0],"130":[0,0],"131":[0,0],"132":[0,0],"133":[0,0],"134":[0,0],"135":[0,0],"136":[0,0],"137":[0,0],"138":[0,0,0],"139":[0,0],"140":[0,0],"141":[0,0],"142":[0,0],"143":[0,0],"144":[0,0],"145":[0,0],"146":[0,0],"147":[0,0,0],"148":[2,0],"149":[0,2],"150":[2,0],"151":[0,0],"152":[4,0],"153":[0,4],"154":[4,0],"155":[0,4],"156":[4,0],"157":[0,0],"158":[0,0],"159":[0,0],"160":[0,0],"161":[0,0,0,0],"162":[0,0],"163":[4,4,4,4,0],"164":[4,24],"165":[0,24],"166":[4,20],"167":[24,24],"168":[0,20],"169":[20,0],"170":[20,6,0],"171":[0,0,0,0],"172":[6,14],"173":[20,6,0,0],"174":[6,14],"175":[0,20],"176":[20,0],"177":[0,20],"178":[6,0],"179":[0,0,0,0,0],"180":[6,14],"181":[20,6],"182":[6,0],"183":[3,3],"184":[0,10],"185":[10,10],"186":[0,0,0,0,0,8,0,2],"187":[0,0],"188":[0,0,0],"189":[0,8],"190":[0,0,0,0,0],"191":[0,0,0,0,0,0,0,0,0,0,0,2,0,0,0,0],"192":[0,0],"193":[0,0],"194":[0,0],"195":[0,0],"196":[0,0],"197":[0,0,0],"198":[0,0],"199":[0,0],"200":[0,0],"201":[0,0],"202":[0,0],"203":[0,0],"204":[0,0],"205":[0,20],"206":[0,20],"207":[0,0,0],"208":[0,20],"209":[20,0],"210":[0,20],"211":[14,8],"212":[2,12],"213":[14,10],"214":[36,10],"215":[90,65],"216":[0,40],"217":[7,6],"218":[0,0],"219":[7,234],"220":[96,138],"221":[66,30],"222":[0,0],"223":[309,309],"224":[309,309],"225":[0,309],"226":[0,0],"227":[0,0],"228":[0,0],"229":[0,0],"230":[0,12],"231":[0,2],"232":[0,0],"233":[0,0],"234":[2,0],"235":[0,0],"236":[10,0],"237":[2,8],"238":[0,0],"239":[0,0],"240":[14,0],"241":[0,0],"242":[9,0],"243":[9,0],"244":[9,9],"245":[0,0],"246":[0,0],"247":[0,0],"248":[0,0,0,0],"249":[0,7],"250":[0,0],"251":[0,0],"252":[0,0],"253":[0,0],"254":[0,0],"255":[0,0],"256":[0,0],"257":[0,0],"258":[0,0],"259":[0,3],"260":[0,0],"261":[1,1],"262":[0,0],"263":[0,0,0],"264":[0,0],"265":[7,7],"266":[0,0],"267":[0,0],"268":[0,0],"269":[0,0],"270":[0,0],"271":[0,0,0],"272":[0,0],"273":[0,0,0,0],"274":[0,0,0,0,0,0,0,0,0,0,0,0,0,0,0,0],"275":[0,0,0,0],"276":[0,0,0,0,0,0,0],"277":[0,0],"278":[10,0],"279":[0,0],"280":[0,0],"281":[0,0],"282":[0,0],"283":[0,0],"284":[0,0],"285":[0,0],"286":[0,0],"287":[0,0],"288":[0,0],"289":[0,0],"290":[0,0],"291":[0,0],"292":[0,0],"293":[0,0],"294":[0,0],"295":[0,0,0,0],"296":[0,0],"297":[0,0],"298":[0,0],"299":[0,0],"300":[0,0],"301":[0,0],"302":[0,0],"303":[0,0],"304":[0,0],"305":[0,0],"306":[0,0],"307":[0,0],"308":[0,0],"309":[0,0,0,0],"310":[0,0],"311":[0,0],"312":[0,0],"313":[0,0,0,0],"314":[0,0,0,0,0,0],"315":[0,0],"316":[0,0],"317":[0,0],"318":[0,0],"319":[0,0],"320":[0,0],"321":[0,0,0,0],"322":[0,0],"323":[0,0],"324":[0,10],"325":[0,0],"326":[0,10],"327":[10,4,0,4,0],"328":[6,6],"329":[0,10],"330":[0,0],"331":[0,0],"332":[0,0],"333":[0,0],"334":[0,0],"335":[0,0,0],"336":[0,0],"337":[10,0],"338":[6,6],"339":[2,8],"340":[10,4,2],"341":[6,2,0,0,0,0],"342":[0,0],"343":[0,0],"344":[0,0],"345":[0,0],"346":[0,0],"347":[0,0],"348":[0,0],"349":[0,0],"350":[0,0],"351":[0,0],"352":[0,0],"353":[0,0,0],"354":[0,0],"355":[0,0],"356":[0,0],"357":[0,0],"358":[0,0],"359":[0,0,0,0,0,0],"360":[0,0],"361":[0,0],"362":[0,0],"363":[0,0],"364":[0,0,0],"365":[0,0],"366":[0,0],"367":[0,0],"368":[0,0],"369":[0,0],"370":[0,0],"371":[0,0],"372":[0,0,0],"373":[0,0],"374":[0,0],"375":[0,0],"376":[0,0],"377":[0,0],"378":[0,0],"379":[0,0,0,0],"380":[0,0,0,0,0],"381":[0,0],"382":[0,0],"383":[0,0],"384":[0,0],"385":[0,6],"386":[6,6,6,0,0,0],"387":[0,4],"388":[4,0,0,0],"389":[4,0],"390":[0,0],"391":[0,0],"392":[0,0],"393":[0,0,0,0,0,0,0,0,0,0],"394":[1,1],"395":[0,1],"396":[1,0],"397":[9,9],"398":[4,0],"399":[4,0],"400":[0,0],"401":[0,3],"402":[9,6,3,3,6,0,6,0,0],"403":[0,5],"404":[5,0,5],"405":[0,6],"406":[4,2],"407":[2,2],"408":[0,4],"409":[4,4],"410":[0,0],"411":[0,0],"412":[0,0,0,0,0,0,0,0,0,0],"413":[2,0],"414":[2,0],"415":[2,0],"416":[0,0],"417":[0,0],"418":[0,0],"419":[0,0],"420":[0,0],"421":[0,0],"422":[0,0],"423":[0,0],"424":[0,0],"425":[0,0],"426":[0,0],"427":[0,0],"428":[0,0],"429":[0,0,0,0,0,0],"430":[0,0],"431":[0,0],"432":[0,0],"433":[0,0],"434":[0,0],"435":[0,0],"436":[4,4],"437":[4,4,3,3],"438":[0,3],"439":[0,0],"440":[0,0],"441":[0,0],"442":[0,0,0,0],"443":[0,0],"444":[0,0],"445":[1,0],"446":[0,3],"447":[0,3],"448":[0,0],"449":[0,0],"450":[0,0],"451":[0,0],"452":[0,0],"453":[0,0],"454":[0,0],"455":[0,0],"456":[0,3],"457":[3,3],"458":[0,2],"459":[0,0],"460":[2,2,0],"461":[2,0],"462":[2,2,0],"463":[0,0],"464":[0,0],"465":[0,0],"466":[0,0],"467":[0,0],"468":[0,0],"469":[0,0],"470":[0,0],"471":[0,0],"472":[0,0,0,0,0],"473":[0,0],"474":[0,0,0,0,0],"475":[0,0,0,0,0,0,0],"476":[0,0,0,0,0],"477":[0,0],"478":[0,0,0,0,0],"479":[0,0],"480":[0,0],"481":[0,0],"482":[0,0],"483":[0,0],"484":[0,0],"485":[0,0,0,0],"486":[0,0],"487":[0,0],"488":[0,0],"489":[0,0],"490":[0,0],"491":[0,0],"492":[0,0],"493":[0,0,0],"494":[0,0],"495":[3,0],"496":[1,28],"497":[29,26],"498":[0,28],"499":[0,0,0,0],"500":[3,3],"501":[0,0],"502":[0,0],"503":[0,0],"504":[9,0],"505":[51,51],"506":[3,48],"507":[51,21],"508":[0,0,0,0,0],"509":[2,8],"510":[0,0],"511":[0,0],"512":[0,0],"513":[0,0],"514":[0,0,0,0],"515":[0,0],"516":[0,0],"517":[0,0],"518":[0,0],"519":[0,0],"520":[0,0],"521":[0,0],"522":[0,0],"523":[0,0,0,0,0],"524":[2,0],"525":[2,0],"526":[2,0],"527":[2,0],"528":[0,0,0],"529":[0,0,0,0,0,0],"530":[0,0,0],"531":[0,0,0,0,0],"532":[0,0,0,0,0,0,0,0,0,0,0,0,0,0,0,0,0,0,0,0,0,0,0],"533":[0,0],"534":[0,0],"535":[0,0,0,0],"536":[0,0],"537":[0,0],"538":[0,0],"539":[0,0,0,0],"540":[0,0,0,0],"541":[0,0],"542":[0,0,0,0],"543":[0,0,0,0,0],"544":[0,0],"545":[0,0],"546":[0,0],"547":[0,93],"548":[0,0],"549":[93,93],"550":[0,93],"551":[72,0],"552":[0,0],"553":[2,3],"554":[5,0],"555":[1],"556":[1,0],"557":[1,0],"558":[0,0],"559":[0,0]},"f":{"1":2,"2":2,"3":2,"4":2,"5":0,"6":0,"7":0,"8":0,"9":0,"10":0,"11":0,"12":0,"13":0,"14":0,"15":0,"16":0,"17":0,"18":2,"19":6,"20":127,"21":61,"22":28,"23":4,"24":28,"25":28,"26":127,"27":105,"28":4,"29":0,"30":0,"31":329,"32":6,"33":249,"34":128,"35":0,"36":0,"37":59,"38":59,"39":59,"40":4,"41":0,"42":4,"43":4,"44":0,"45":0,"46":2,"47":2,"48":0,"49":0,"50":0,"51":0,"52":22,"53":0,"54":0,"55":6,"56":6,"57":0,"58":4,"59":22,"60":2,"61":59,"62":0,"63":0,"64":6,"65":321,"66":8,"67":59,"68":0,"69":0,"70":0,"71":0,"72":0,"73":0,"74":5,"75":10,"76":52,"77":0,"78":0,"79":18,"80":0,"81":0,"82":8,"83":0,"84":0,"85":0,"86":0,"87":0,"88":0,"89":0,"90":2,"91":2,"92":0,"93":0,"94":4,"95":0,"96":0,"97":0,"98":4,"99":28,"100":20,"101":0,"102":20,"103":20,"104":20,"105":6,"106":20,"107":0,"108":10,"109":0,"110":0,"111":0,"112":0,"113":0,"114":20,"115":14,"116":6,"117":9,"118":3,"119":36,"120":32,"121":90,"122":10,"123":10,"124":0,"125":0,"126":2,"127":2,"128":0,"129":0,"130":0,"131":24,"132":7,"133":7,"134":0,"135":241,"136":0,"137":24,"138":8,"139":12,"140":49,"141":6,"142":0,"143":0,"144":0,"145":0,"146":0,"147":0,"148":0,"149":0,"150":18,"151":16,"152":12,"153":0,"154":0,"155":0,"156":0,"157":0,"158":0,"159":0,"160":0,"161":0,"162":0,"163":0,"164":0,"165":0,"166":0,"167":0,"168":0,"169":0,"170":32,"171":8,"172":0,"173":0,"174":0,"175":0,"176":0,"177":0,"178":12,"179":2,"180":6,"181":6,"182":2,"183":14,"184":0,"185":0,"186":0,"187":12,"188":2,"189":2,"190":0,"191":6,"192":6,"193":0,"194":0,"195":0,"196":14,"197":6,"198":0,"199":3,"200":9,"201":7,"202":0,"203":0,"204":0,"205":3,"206":1,"207":1,"208":0,"209":0,"210":0,"211":7,"212":0,"213":3,"214":3,"215":0,"216":3,"217":0,"218":0,"219":0,"220":0,"221":0,"222":0,"223":0,"224":6,"225":6,"226":0,"227":0,"228":6,"229":0,"230":6,"231":0,"232":0,"233":0,"234":0,"235":0,"236":0,"237":0,"238":0,"239":0,"240":0,"241":0,"242":0,"243":0,"244":0,"245":0,"246":0,"247":3,"248":3,"249":0,"250":0,"251":0,"252":0,"253":0,"254":0,"255":6,"256":10,"257":6,"258":10,"259":6,"260":10,"261":0,"262":6,"263":10,"264":0,"265":0,"266":0,"267":0,"268":0,"269":0,"270":0,"271":0,"272":0,"273":6,"274":0,"275":0,"276":0,"277":0,"278":0,"279":0,"280":0,"281":0,"282":0,"283":0,"284":0,"285":0,"286":14,"287":6,"288":4,"289":4,"290":3,"291":3,"292":3,"293":0,"294":0,"295":3,"296":3,"297":1,"298":0,"299":10,"300":0,"301":3,"302":1,"303":9,"304":4,"305":0,"306":12,"307":6,"308":3,"309":5,"310":5,"311":6,"312":4,"313":2,"314":0,"315":0,"316":3,"317":3,"318":0,"319":0,"320":0,"321":0,"322":0,"323":0,"324":1,"325":0,"326":3,"327":0,"328":0,"329":1,"330":0,"331":0,"332":0,"333":0,"334":0,"335":0,"336":0,"337":0,"338":0,"339":0,"340":0,"341":0,"342":0,"343":3,"344":2,"345":2,"346":2,"347":0,"348":0,"349":0,"350":0,"351":0,"352":0,"353":0,"354":0,"355":0,"356":0,"357":0,"358":0,"359":0,"360":0,"361":0,"362":0,"363":3,"364":2,"365":0,"366":0,"367":0,"368":0,"369":3,"370":3,"371":3,"372":28,"373":0,"374":29,"375":0,"376":3,"377":0,"378":9,"379":0,"380":973,"381":2,"382":0,"383":10,"384":0,"385":0,"386":0,"387":0,"388":0,"389":0,"390":2,"391":0,"392":0,"393":2,"394":0,"395":0,"396":2,"397":0,"398":0,"399":72,"400":93,"401":0,"402":0,"403":0,"404":5,"405":0,"406":0,"407":0,"408":0},"fnMap":{"1":{"name":"(anonymous_1)","line":14,"loc":{"start":{"line":14,"column":1},"end":{"line":14,"column":13}}},"2":{"name":"(anonymous_2)","line":21,"loc":{"start":{"line":21,"column":5},"end":{"line":21,"column":17}}},"3":{"name":"(anonymous_3)","line":25,"loc":{"start":{"line":25,"column":24},"end":{"line":25,"column":36}}},"4":{"name":"(anonymous_4)","line":100,"loc":{"start":{"line":100,"column":5},"end":{"line":100,"column":17}}},"5":{"name":"(anonymous_5)","line":101,"loc":{"start":{"line":101,"column":23},"end":{"line":101,"column":38}}},"6":{"name":"(anonymous_6)","line":106,"loc":{"start":{"line":106,"column":18},"end":{"line":106,"column":30}}},"7":{"name":"(anonymous_7)","line":112,"loc":{"start":{"line":112,"column":57},"end":{"line":112,"column":69}}},"8":{"name":"(anonymous_8)","line":122,"loc":{"start":{"line":122,"column":57},"end":{"line":122,"column":69}}},"9":{"name":"(anonymous_9)","line":133,"loc":{"start":{"line":133,"column":58},"end":{"line":133,"column":77}}},"10":{"name":"(anonymous_10)","line":141,"loc":{"start":{"line":141,"column":54},"end":{"line":141,"column":66}}},"11":{"name":"(anonymous_11)","line":151,"loc":{"start":{"line":151,"column":39},"end":{"line":151,"column":61}}},"12":{"name":"(anonymous_12)","line":155,"loc":{"start":{"line":155,"column":28},"end":{"line":155,"column":46}}},"13":{"name":"(anonymous_13)","line":163,"loc":{"start":{"line":163,"column":31},"end":{"line":163,"column":54}}},"14":{"name":"(anonymous_14)","line":164,"loc":{"start":{"line":164,"column":39},"end":{"line":164,"column":61}}},"15":{"name":"(anonymous_15)","line":180,"loc":{"start":{"line":180,"column":71},"end":{"line":180,"column":83}}},"16":{"name":"(anonymous_16)","line":193,"loc":{"start":{"line":193,"column":63},"end":{"line":193,"column":75}}},"17":{"name":"(anonymous_17)","line":203,"loc":{"start":{"line":203,"column":25},"end":{"line":203,"column":37}}},"18":{"name":"(anonymous_18)","line":218,"loc":{"start":{"line":218,"column":5},"end":{"line":218,"column":17}},"skip":true},"19":{"name":"(anonymous_19)","line":222,"loc":{"start":{"line":222,"column":18},"end":{"line":222,"column":30}},"skip":true},"20":{"name":"is_letter","line":234,"loc":{"start":{"line":234,"column":0},"end":{"line":234,"column":21}},"skip":true},"21":{"name":"is_digit","line":234,"loc":{"start":{"line":234,"column":52},"end":{"line":234,"column":72}},"skip":true},"22":{"name":"is_unicode_digit","line":235,"loc":{"start":{"line":235,"column":29},"end":{"line":235,"column":57}},"skip":true},"23":{"name":"is_alphanumeric_char","line":236,"loc":{"start":{"line":236,"column":4},"end":{"line":236,"column":36}},"skip":true},"24":{"name":"is_unicode_combining_mark","line":236,"loc":{"start":{"line":236,"column":70},"end":{"line":237,"column":3}},"skip":true},"25":{"name":"is_unicode_connector_punctuation","line":237,"loc":{"start":{"line":237,"column":42},"end":{"line":238,"column":3}},"skip":true},"26":{"name":"is_identifier_start","line":238,"loc":{"start":{"line":238,"column":49},"end":{"line":239,"column":0}},"skip":true},"27":{"name":"is_identifier_char","line":239,"loc":{"start":{"line":239,"column":37},"end":{"line":239,"column":67}},"skip":true},"28":{"name":"parse_js_number","line":241,"loc":{"start":{"line":241,"column":30},"end":{"line":241,"column":57}},"skip":true},"29":{"name":"JS_Parse_Error","line":243,"loc":{"start":{"line":243,"column":53},"end":{"line":244,"column":5}},"skip":true},"30":{"name":"js_error","line":245,"loc":{"start":{"line":245,"column":8},"end":{"line":245,"column":34}},"skip":true},"31":{"name":"is_token","line":245,"loc":{"start":{"line":245,"column":69},"end":{"line":246,"column":7}},"skip":true},"32":{"name":"tokenizer","line":246,"loc":{"start":{"line":246,"column":48},"end":{"line":246,"column":69}},"skip":true},"33":{"name":"n","line":246,"loc":{"start":{"line":246,"column":70},"end":{"line":247,"column":2}},"skip":true},"34":{"name":"r","line":247,"loc":{"start":{"line":247,"column":31},"end":{"line":247,"column":46}},"skip":true},"35":{"name":"i","line":249,"loc":{"start":{"line":249,"column":17},"end":{"line":249,"column":29}},"skip":true},"36":{"name":"s","line":249,"loc":{"start":{"line":249,"column":46},"end":{"line":249,"column":61}},"skip":true},"37":{"name":"o","line":250,"loc":{"start":{"line":250,"column":44},"end":{"line":250,"column":56}},"skip":true},"38":{"name":"u","line":251,"loc":{"start":{"line":251,"column":21},"end":{"line":251,"column":38}},"skip":true},"39":{"name":"a","line":256,"loc":{"start":{"line":256,"column":37},"end":{"line":256,"column":49}},"skip":true},"40":{"name":"f","line":257,"loc":{"start":{"line":257,"column":6},"end":{"line":257,"column":19}},"skip":true},"41":{"name":"l","line":257,"loc":{"start":{"line":257,"column":79},"end":{"line":258,"column":3}},"skip":true},"42":{"name":"c","line":258,"loc":{"start":{"line":258,"column":44},"end":{"line":258,"column":57}},"skip":true},"43":{"name":"(anonymous_43)","line":259,"loc":{"start":{"line":259,"column":5},"end":{"line":259,"column":18}},"skip":true},"44":{"name":"h","line":262,"loc":{"start":{"line":262,"column":26},"end":{"line":262,"column":39}},"skip":true},"45":{"name":"p","line":265,"loc":{"start":{"line":265,"column":69},"end":{"line":266,"column":2}},"skip":true},"46":{"name":"d","line":267,"loc":{"start":{"line":267,"column":20},"end":{"line":267,"column":32}},"skip":true},"47":{"name":"(anonymous_47)","line":267,"loc":{"start":{"line":267,"column":73},"end":{"line":268,"column":1}},"skip":true},"48":{"name":"(anonymous_48)","line":268,"loc":{"start":{"line":268,"column":68},"end":{"line":268,"column":79}},"skip":true},"49":{"name":"v","line":271,"loc":{"start":{"line":271,"column":60},"end":{"line":271,"column":72}},"skip":true},"50":{"name":"m","line":273,"loc":{"start":{"line":273,"column":38},"end":{"line":273,"column":50}},"skip":true},"51":{"name":"(anonymous_51)","line":274,"loc":{"start":{"line":274,"column":1},"end":{"line":274,"column":11}},"skip":true},"52":{"name":"g","line":278,"loc":{"start":{"line":278,"column":24},"end":{"line":278,"column":36}},"skip":true},"53":{"name":"y","line":283,"loc":{"start":{"line":283,"column":16},"end":{"line":283,"column":29}},"skip":true},"54":{"name":"(anonymous_54)","line":283,"loc":{"start":{"line":283,"column":73},"end":{"line":284,"column":1}},"skip":true},"55":{"name":"b","line":286,"loc":{"start":{"line":286,"column":19},"end":{"line":286,"column":32}},"skip":true},"56":{"name":"t","line":286,"loc":{"start":{"line":286,"column":33},"end":{"line":286,"column":46}},"skip":true},"57":{"name":"w","line":287,"loc":{"start":{"line":287,"column":58},"end":{"line":287,"column":70}},"skip":true},"58":{"name":"E","line":290,"loc":{"start":{"line":290,"column":27},"end":{"line":290,"column":39}},"skip":true},"59":{"name":"S","line":291,"loc":{"start":{"line":291,"column":6},"end":{"line":291,"column":18}},"skip":true},"60":{"name":"x","line":292,"loc":{"start":{"line":292,"column":64},"end":{"line":292,"column":79}},"skip":true},"61":{"name":"T","line":293,"loc":{"start":{"line":293,"column":52},"end":{"line":293,"column":65}},"skip":true},"62":{"name":"(anonymous_62)","line":299,"loc":{"start":{"line":299,"column":58},"end":{"line":299,"column":69}},"skip":true},"63":{"name":"NodeWithToken","line":300,"loc":{"start":{"line":300,"column":11},"end":{"line":300,"column":40}},"skip":true},"64":{"name":"parse","line":300,"loc":{"start":{"line":300,"column":77},"end":{"line":301,"column":7}},"skip":true},"65":{"name":"i","line":301,"loc":{"start":{"line":301,"column":8},"end":{"line":301,"column":23}},"skip":true},"66":{"name":"s","line":301,"loc":{"start":{"line":301,"column":53},"end":{"line":301,"column":65}},"skip":true},"67":{"name":"o","line":302,"loc":{"start":{"line":302,"column":21},"end":{"line":302,"column":33}},"skip":true},"68":{"name":"u","line":304,"loc":{"start":{"line":304,"column":23},"end":{"line":304,"column":35}},"skip":true},"69":{"name":"a","line":304,"loc":{"start":{"line":304,"column":50},"end":{"line":304,"column":69}},"skip":true},"70":{"name":"f","line":306,"loc":{"start":{"line":306,"column":1},"end":{"line":306,"column":16}},"skip":true},"71":{"name":"l","line":306,"loc":{"start":{"line":306,"column":35},"end":{"line":306,"column":48}},"skip":true},"72":{"name":"c","line":307,"loc":{"start":{"line":307,"column":25},"end":{"line":307,"column":40}},"skip":true},"73":{"name":"h","line":308,"loc":{"start":{"line":308,"column":30},"end":{"line":308,"column":43}},"skip":true},"74":{"name":"p","line":308,"loc":{"start":{"line":308,"column":63},"end":{"line":308,"column":75}},"skip":true},"75":{"name":"d","line":309,"loc":{"start":{"line":309,"column":42},"end":{"line":309,"column":54}},"skip":true},"76":{"name":"v","line":310,"loc":{"start":{"line":310,"column":2},"end":{"line":310,"column":14}},"skip":true},"77":{"name":"m","line":310,"loc":{"start":{"line":310,"column":39},"end":{"line":310,"column":51}},"skip":true},"78":{"name":"g","line":311,"loc":{"start":{"line":311,"column":4},"end":{"line":311,"column":21}},"skip":true},"79":{"name":"y","line":312,"loc":{"start":{"line":312,"column":3},"end":{"line":312,"column":16}},"skip":true},"80":{"name":"(anonymous_80)","line":312,"loc":{"start":{"line":312,"column":26},"end":{"line":312,"column":36}},"skip":true},"81":{"name":"w","line":313,"loc":{"start":{"line":313,"column":23},"end":{"line":313,"column":36}},"skip":true},"82":{"name":"E","line":314,"loc":{"start":{"line":314,"column":69},"end":{"line":315,"column":1}},"skip":true},"83":{"name":"S","line":315,"loc":{"start":{"line":315,"column":30},"end":{"line":315,"column":43}},"skip":true},"84":{"name":"x","line":317,"loc":{"start":{"line":317,"column":64},"end":{"line":317,"column":76}},"skip":true},"85":{"name":"T","line":320,"loc":{"start":{"line":320,"column":19},"end":{"line":320,"column":32}},"skip":true},"86":{"name":"N","line":321,"loc":{"start":{"line":321,"column":57},"end":{"line":321,"column":70}},"skip":true},"87":{"name":"k","line":323,"loc":{"start":{"line":323,"column":0},"end":{"line":323,"column":12}},"skip":true},"88":{"name":"L","line":324,"loc":{"start":{"line":324,"column":5},"end":{"line":324,"column":17}},"skip":true},"89":{"name":"O","line":325,"loc":{"start":{"line":325,"column":14},"end":{"line":325,"column":26}},"skip":true},"90":{"name":"M","line":328,"loc":{"start":{"line":328,"column":2},"end":{"line":328,"column":15}},"skip":true},"91":{"name":"_","line":330,"loc":{"start":{"line":330,"column":1},"end":{"line":330,"column":14}},"skip":true},"92":{"name":"D","line":330,"loc":{"start":{"line":330,"column":36},"end":{"line":330,"column":48}},"skip":true},"93":{"name":"P","line":330,"loc":{"start":{"line":330,"column":71},"end":{"line":331,"column":2}},"skip":true},"94":{"name":"B","line":331,"loc":{"start":{"line":331,"column":77},"end":{"line":332,"column":7}},"skip":true},"95":{"name":"j","line":333,"loc":{"start":{"line":333,"column":73},"end":{"line":334,"column":2}},"skip":true},"96":{"name":"F","line":334,"loc":{"start":{"line":334,"column":34},"end":{"line":334,"column":46}},"skip":true},"97":{"name":"I","line":337,"loc":{"start":{"line":337,"column":30},"end":{"line":337,"column":42}},"skip":true},"98":{"name":"q","line":338,"loc":{"start":{"line":338,"column":42},"end":{"line":338,"column":54}},"skip":true},"99":{"name":"R","line":340,"loc":{"start":{"line":340,"column":4},"end":{"line":340,"column":19}},"skip":true},"100":{"name":"U","line":342,"loc":{"start":{"line":342,"column":14},"end":{"line":342,"column":27}},"skip":true},"101":{"name":"z","line":345,"loc":{"start":{"line":345,"column":14},"end":{"line":345,"column":31}},"skip":true},"102":{"name":"W","line":346,"loc":{"start":{"line":346,"column":24},"end":{"line":346,"column":41}},"skip":true},"103":{"name":"X","line":348,"loc":{"start":{"line":348,"column":54},"end":{"line":348,"column":67}},"skip":true},"104":{"name":"V","line":349,"loc":{"start":{"line":349,"column":7},"end":{"line":349,"column":20}},"skip":true},"105":{"name":"$","line":350,"loc":{"start":{"line":350,"column":40},"end":{"line":350,"column":53}},"skip":true},"106":{"name":"J","line":352,"loc":{"start":{"line":352,"column":2},"end":{"line":352,"column":15}},"skip":true},"107":{"name":"Q","line":354,"loc":{"start":{"line":354,"column":1},"end":{"line":354,"column":14}},"skip":true},"108":{"name":"(anonymous_108)","line":356,"loc":{"start":{"line":356,"column":45},"end":{"line":356,"column":55}},"skip":true},"109":{"name":"(anonymous_109)","line":364,"loc":{"start":{"line":364,"column":58},"end":{"line":364,"column":69}},"skip":true},"110":{"name":"(anonymous_110)","line":371,"loc":{"start":{"line":371,"column":28},"end":{"line":371,"column":39}},"skip":true},"111":{"name":"(anonymous_111)","line":372,"loc":{"start":{"line":372,"column":51},"end":{"line":372,"column":64}},"skip":true},"112":{"name":"(anonymous_112)","line":374,"loc":{"start":{"line":374,"column":2},"end":{"line":374,"column":12}},"skip":true},"113":{"name":"(anonymous_113)","line":375,"loc":{"start":{"line":375,"column":55},"end":{"line":375,"column":65}},"skip":true},"114":{"name":"(anonymous_114)","line":378,"loc":{"start":{"line":378,"column":36},"end":{"line":378,"column":47}},"skip":true},"115":{"name":"(anonymous_115)","line":383,"loc":{"start":{"line":383,"column":49},"end":{"line":383,"column":62}},"skip":true},"116":{"name":"(anonymous_116)","line":385,"loc":{"start":{"line":385,"column":1},"end":{"line":385,"column":12}},"skip":true},"117":{"name":"curry","line":385,"loc":{"start":{"line":385,"column":56},"end":{"line":385,"column":73}},"skip":true},"118":{"name":"(anonymous_118)","line":386,"loc":{"start":{"line":386,"column":26},"end":{"line":386,"column":36}},"skip":true},"119":{"name":"prog1","line":387,"loc":{"start":{"line":387,"column":5},"end":{"line":387,"column":22}},"skip":true},"120":{"name":"array_to_hash","line":388,"loc":{"start":{"line":388,"column":35},"end":{"line":388,"column":60}},"skip":true},"121":{"name":"slice","line":389,"loc":{"start":{"line":389,"column":36},"end":{"line":389,"column":55}},"skip":true},"122":{"name":"characters","line":390,"loc":{"start":{"line":390,"column":14},"end":{"line":390,"column":36}},"skip":true},"123":{"name":"member","line":390,"loc":{"start":{"line":390,"column":56},"end":{"line":390,"column":76}},"skip":true},"124":{"name":"HOP","line":391,"loc":{"start":{"line":391,"column":52},"end":{"line":391,"column":69}},"skip":true},"125":{"name":"(anonymous_125)","line":412,"loc":{"start":{"line":412,"column":37},"end":{"line":412,"column":47}},"skip":true},"126":{"name":"(anonymous_126)","line":415,"loc":{"start":{"line":415,"column":54},"end":{"line":415,"column":69}},"skip":true},"127":{"name":"(anonymous_127)","line":417,"loc":{"start":{"line":417,"column":59},"end":{"line":417,"column":72}},"skip":true},"128":{"name":"(anonymous_128)","line":422,"loc":{"start":{"line":422,"column":67},"end":{"line":422,"column":77}},"skip":true},"129":{"name":"(anonymous_129)","line":423,"loc":{"start":{"line":423,"column":16},"end":{"line":423,"column":26}},"skip":true},"130":{"name":"(anonymous_130)","line":429,"loc":{"start":{"line":429,"column":20},"end":{"line":429,"column":31}},"skip":true},"131":{"name":"ast_walker","line":436,"loc":{"start":{"line":436,"column":0},"end":{"line":436,"column":21}},"skip":true},"132":{"name":"e","line":436,"loc":{"start":{"line":436,"column":22},"end":{"line":436,"column":35}},"skip":true},"133":{"name":"(anonymous_133)","line":436,"loc":{"start":{"line":436,"column":57},"end":{"line":436,"column":68}},"skip":true},"134":{"name":"t","line":437,"loc":{"start":{"line":437,"column":41},"end":{"line":437,"column":54}},"skip":true},"135":{"name":"s","line":438,"loc":{"start":{"line":438,"column":25},"end":{"line":438,"column":38}},"skip":true},"136":{"name":"o","line":440,"loc":{"start":{"line":440,"column":39},"end":{"line":440,"column":52}},"skip":true},"137":{"name":"u","line":441,"loc":{"start":{"line":441,"column":62},"end":{"line":441,"column":77}},"skip":true},"138":{"name":"(anonymous_138)","line":443,"loc":{"start":{"line":443,"column":51},"end":{"line":443,"column":62}},"skip":true},"139":{"name":"(anonymous_139)","line":444,"loc":{"start":{"line":444,"column":6},"end":{"line":444,"column":17}},"skip":true},"140":{"name":"(anonymous_140)","line":444,"loc":{"start":{"line":444,"column":42},"end":{"line":444,"column":53}},"skip":true},"141":{"name":"(anonymous_141)","line":445,"loc":{"start":{"line":445,"column":1},"end":{"line":445,"column":12}},"skip":true},"142":{"name":"(anonymous_142)","line":446,"loc":{"start":{"line":446,"column":0},"end":{"line":446,"column":15}},"skip":true},"143":{"name":"(anonymous_143)","line":447,"loc":{"start":{"line":447,"column":24},"end":{"line":447,"column":35}},"skip":true},"144":{"name":"(anonymous_144)","line":447,"loc":{"start":{"line":447,"column":64},"end":{"line":447,"column":77}},"skip":true},"145":{"name":"(anonymous_145)","line":448,"loc":{"start":{"line":448,"column":33},"end":{"line":448,"column":46}},"skip":true},"146":{"name":"(anonymous_146)","line":448,"loc":{"start":{"line":448,"column":73},"end":{"line":449,"column":2}},"skip":true},"147":{"name":"(anonymous_147)","line":449,"loc":{"start":{"line":449,"column":53},"end":{"line":449,"column":64}},"skip":true},"148":{"name":"(anonymous_148)","line":450,"loc":{"start":{"line":450,"column":15},"end":{"line":450,"column":26}},"skip":true},"149":{"name":"(anonymous_149)","line":450,"loc":{"start":{"line":450,"column":58},"end":{"line":450,"column":73}},"skip":true},"150":{"name":"(anonymous_150)","line":451,"loc":{"start":{"line":451,"column":32},"end":{"line":451,"column":47}},"skip":true},"151":{"name":"(anonymous_151)","line":452,"loc":{"start":{"line":452,"column":1},"end":{"line":452,"column":12}},"skip":true},"152":{"name":"(anonymous_152)","line":452,"loc":{"start":{"line":452,"column":67},"end":{"line":453,"column":0}},"skip":true},"153":{"name":"(anonymous_153)","line":453,"loc":{"start":{"line":453,"column":43},"end":{"line":453,"column":58}},"skip":true},"154":{"name":"(anonymous_154)","line":454,"loc":{"start":{"line":454,"column":25},"end":{"line":454,"column":35}},"skip":true},"155":{"name":"(anonymous_155)","line":454,"loc":{"start":{"line":454,"column":59},"end":{"line":454,"column":74}},"skip":true},"156":{"name":"(anonymous_156)","line":455,"loc":{"start":{"line":455,"column":36},"end":{"line":455,"column":51}},"skip":true},"157":{"name":"(anonymous_157)","line":456,"loc":{"start":{"line":456,"column":10},"end":{"line":456,"column":27}},"skip":true},"158":{"name":"(anonymous_158)","line":456,"loc":{"start":{"line":456,"column":74},"end":{"line":457,"column":8}},"skip":true},"159":{"name":"(anonymous_159)","line":457,"loc":{"start":{"line":457,"column":54},"end":{"line":457,"column":67}},"skip":true},"160":{"name":"(anonymous_160)","line":458,"loc":{"start":{"line":458,"column":19},"end":{"line":458,"column":32}},"skip":true},"161":{"name":"(anonymous_161)","line":458,"loc":{"start":{"line":458,"column":69},"end":{"line":459,"column":0}},"skip":true},"162":{"name":"(anonymous_162)","line":459,"loc":{"start":{"line":459,"column":30},"end":{"line":459,"column":45}},"skip":true},"163":{"name":"(anonymous_163)","line":460,"loc":{"start":{"line":460,"column":1},"end":{"line":460,"column":14}},"skip":true},"164":{"name":"(anonymous_164)","line":460,"loc":{"start":{"line":460,"column":55},"end":{"line":460,"column":68}},"skip":true},"165":{"name":"(anonymous_165)","line":461,"loc":{"start":{"line":461,"column":17},"end":{"line":461,"column":30}},"skip":true},"166":{"name":"(anonymous_166)","line":461,"loc":{"start":{"line":461,"column":65},"end":{"line":461,"column":76}},"skip":true},"167":{"name":"(anonymous_167)","line":462,"loc":{"start":{"line":462,"column":14},"end":{"line":462,"column":25}},"skip":true},"168":{"name":"(anonymous_168)","line":463,"loc":{"start":{"line":463,"column":11},"end":{"line":463,"column":24}},"skip":true},"169":{"name":"(anonymous_169)","line":463,"loc":{"start":{"line":463,"column":52},"end":{"line":463,"column":63}},"skip":true},"170":{"name":"(anonymous_170)","line":464,"loc":{"start":{"line":464,"column":13},"end":{"line":464,"column":24}},"skip":true},"171":{"name":"(anonymous_171)","line":464,"loc":{"start":{"line":464,"column":51},"end":{"line":464,"column":61}},"skip":true},"172":{"name":"(anonymous_172)","line":465,"loc":{"start":{"line":465,"column":33},"end":{"line":465,"column":46}},"skip":true},"173":{"name":"(anonymous_173)","line":465,"loc":{"start":{"line":465,"column":78},"end":{"line":466,"column":4}},"skip":true},"174":{"name":"(anonymous_174)","line":466,"loc":{"start":{"line":466,"column":37},"end":{"line":466,"column":48}},"skip":true},"175":{"name":"(anonymous_175)","line":466,"loc":{"start":{"line":466,"column":78},"end":{"line":467,"column":2}},"skip":true},"176":{"name":"(anonymous_176)","line":467,"loc":{"start":{"line":467,"column":76},"end":{"line":468,"column":1}},"skip":true},"177":{"name":"(anonymous_177)","line":468,"loc":{"start":{"line":468,"column":30},"end":{"line":468,"column":40}},"skip":true},"178":{"name":"Scope","line":468,"loc":{"start":{"line":468,"column":52},"end":{"line":468,"column":69}},"skip":true},"179":{"name":"base54_digits","line":471,"loc":{"start":{"line":471,"column":46},"end":{"line":471,"column":70}},"skip":true},"180":{"name":"ast_add_scope","line":473,"loc":{"start":{"line":473,"column":1},"end":{"line":473,"column":26}},"skip":true},"181":{"name":"s","line":473,"loc":{"start":{"line":473,"column":27},"end":{"line":473,"column":40}},"skip":true},"182":{"name":"o","line":474,"loc":{"start":{"line":474,"column":41},"end":{"line":474,"column":56}},"skip":true},"183":{"name":"u","line":474,"loc":{"start":{"line":474,"column":78},"end":{"line":475,"column":3}},"skip":true},"184":{"name":"a","line":475,"loc":{"start":{"line":475,"column":17},"end":{"line":475,"column":34}},"skip":true},"185":{"name":"(anonymous_185)","line":476,"loc":{"start":{"line":476,"column":8},"end":{"line":476,"column":18}},"skip":true},"186":{"name":"(anonymous_186)","line":476,"loc":{"start":{"line":476,"column":49},"end":{"line":476,"column":60}},"skip":true},"187":{"name":"f","line":477,"loc":{"start":{"line":477,"column":6},"end":{"line":477,"column":19}},"skip":true},"188":{"name":"(anonymous_188)","line":477,"loc":{"start":{"line":477,"column":27},"end":{"line":477,"column":38}},"skip":true},"189":{"name":"(anonymous_189)","line":477,"loc":{"start":{"line":477,"column":45},"end":{"line":477,"column":56}},"skip":true},"190":{"name":"l","line":478,"loc":{"start":{"line":478,"column":4},"end":{"line":478,"column":17}},"skip":true},"191":{"name":"(anonymous_191)","line":479,"loc":{"start":{"line":479,"column":12},"end":{"line":479,"column":22}},"skip":true},"192":{"name":"c","line":479,"loc":{"start":{"line":479,"column":23},"end":{"line":479,"column":38}},"skip":true},"193":{"name":"(anonymous_193)","line":481,"loc":{"start":{"line":481,"column":71},"end":{"line":482,"column":4}},"skip":true},"194":{"name":"(anonymous_194)","line":482,"loc":{"start":{"line":482,"column":55},"end":{"line":482,"column":68}},"skip":true},"195":{"name":"(anonymous_195)","line":483,"loc":{"start":{"line":483,"column":70},"end":{"line":484,"column":5}},"skip":true},"196":{"name":"(anonymous_196)","line":485,"loc":{"start":{"line":485,"column":18},"end":{"line":485,"column":29}},"skip":true},"197":{"name":"(anonymous_197)","line":485,"loc":{"start":{"line":485,"column":58},"end":{"line":485,"column":68}},"skip":true},"198":{"name":"(anonymous_198)","line":486,"loc":{"start":{"line":486,"column":16},"end":{"line":486,"column":27}},"skip":true},"199":{"name":"ast_mangle","line":487,"loc":{"start":{"line":487,"column":11},"end":{"line":487,"column":35}},"skip":true},"200":{"name":"s","line":487,"loc":{"start":{"line":487,"column":36},"end":{"line":487,"column":51}},"skip":true},"201":{"name":"o","line":489,"loc":{"start":{"line":489,"column":59},"end":{"line":489,"column":72}},"skip":true},"202":{"name":"u","line":490,"loc":{"start":{"line":490,"column":53},"end":{"line":490,"column":70}},"skip":true},"203":{"name":"(anonymous_203)","line":492,"loc":{"start":{"line":492,"column":71},"end":{"line":493,"column":1}},"skip":true},"204":{"name":"(anonymous_204)","line":493,"loc":{"start":{"line":493,"column":17},"end":{"line":493,"column":28}},"skip":true},"205":{"name":"a","line":493,"loc":{"start":{"line":493,"column":72},"end":{"line":494,"column":7}},"skip":true},"206":{"name":"f","line":495,"loc":{"start":{"line":495,"column":65},"end":{"line":495,"column":78}},"skip":true},"207":{"name":"(anonymous_207)","line":496,"loc":{"start":{"line":496,"column":14},"end":{"line":496,"column":25}},"skip":true},"208":{"name":"l","line":496,"loc":{"start":{"line":496,"column":53},"end":{"line":496,"column":66}},"skip":true},"209":{"name":"(anonymous_209)","line":499,"loc":{"start":{"line":499,"column":20},"end":{"line":499,"column":30}},"skip":true},"210":{"name":"(anonymous_210)","line":501,"loc":{"start":{"line":501,"column":1},"end":{"line":501,"column":14}},"skip":true},"211":{"name":"(anonymous_211)","line":502,"loc":{"start":{"line":502,"column":53},"end":{"line":502,"column":64}},"skip":true},"212":{"name":"(anonymous_212)","line":503,"loc":{"start":{"line":503,"column":17},"end":{"line":503,"column":32}},"skip":true},"213":{"name":"(anonymous_213)","line":504,"loc":{"start":{"line":504,"column":44},"end":{"line":504,"column":55}},"skip":true},"214":{"name":"(anonymous_214)","line":505,"loc":{"start":{"line":505,"column":1},"end":{"line":505,"column":11}},"skip":true},"215":{"name":"(anonymous_215)","line":505,"loc":{"start":{"line":505,"column":47},"end":{"line":505,"column":57}},"skip":true},"216":{"name":"(anonymous_216)","line":506,"loc":{"start":{"line":506,"column":4},"end":{"line":506,"column":14}},"skip":true},"217":{"name":"best_of","line":506,"loc":{"start":{"line":506,"column":44},"end":{"line":506,"column":65}},"skip":true},"218":{"name":"last_stat","line":507,"loc":{"start":{"line":507,"column":52},"end":{"line":507,"column":73}},"skip":true},"219":{"name":"aborts","line":508,"loc":{"start":{"line":508,"column":56},"end":{"line":508,"column":74}},"skip":true},"220":{"name":"boolean_expr","line":510,"loc":{"start":{"line":510,"column":2},"end":{"line":510,"column":26}},"skip":true},"221":{"name":"empty","line":514,"loc":{"start":{"line":514,"column":72},"end":{"line":515,"column":3}},"skip":true},"222":{"name":"is_string","line":515,"loc":{"start":{"line":515,"column":53},"end":{"line":515,"column":74}},"skip":true},"223":{"name":"warn_unreachable","line":517,"loc":{"start":{"line":517,"column":35},"end":{"line":517,"column":63}},"skip":true},"224":{"name":"prepare_ifs","line":518,"loc":{"start":{"line":518,"column":16},"end":{"line":518,"column":39}},"skip":true},"225":{"name":"r","line":518,"loc":{"start":{"line":518,"column":40},"end":{"line":518,"column":53}},"skip":true},"226":{"name":"i","line":521,"loc":{"start":{"line":521,"column":44},"end":{"line":521,"column":61}},"skip":true},"227":{"name":"s","line":522,"loc":{"start":{"line":522,"column":11},"end":{"line":522,"column":24}},"skip":true},"228":{"name":"(anonymous_228)","line":523,"loc":{"start":{"line":523,"column":77},"end":{"line":524,"column":2}},"skip":true},"229":{"name":"(anonymous_229)","line":524,"loc":{"start":{"line":524,"column":31},"end":{"line":524,"column":46}},"skip":true},"230":{"name":"(anonymous_230)","line":525,"loc":{"start":{"line":525,"column":36},"end":{"line":525,"column":46}},"skip":true},"231":{"name":"for_side_effects","line":525,"loc":{"start":{"line":525,"column":61},"end":{"line":526,"column":5}},"skip":true},"232":{"name":"o","line":526,"loc":{"start":{"line":526,"column":6},"end":{"line":526,"column":18}},"skip":true},"233":{"name":"u","line":526,"loc":{"start":{"line":526,"column":27},"end":{"line":526,"column":39}},"skip":true},"234":{"name":"a","line":526,"loc":{"start":{"line":526,"column":48},"end":{"line":526,"column":60}},"skip":true},"235":{"name":"f","line":527,"loc":{"start":{"line":527,"column":12},"end":{"line":527,"column":25}},"skip":true},"236":{"name":"l","line":527,"loc":{"start":{"line":527,"column":77},"end":{"line":528,"column":3}},"skip":true},"237":{"name":"(anonymous_237)","line":532,"loc":{"start":{"line":532,"column":1},"end":{"line":532,"column":11}},"skip":true},"238":{"name":"ast_lift_variables","line":533,"loc":{"start":{"line":533,"column":4},"end":{"line":533,"column":34}},"skip":true},"239":{"name":"i","line":533,"loc":{"start":{"line":533,"column":35},"end":{"line":533,"column":50}},"skip":true},"240":{"name":"(anonymous_240)","line":534,"loc":{"start":{"line":534,"column":17},"end":{"line":534,"column":30}},"skip":true},"241":{"name":"(anonymous_241)","line":535,"loc":{"start":{"line":535,"column":66},"end":{"line":536,"column":3}},"skip":true},"242":{"name":"s","line":540,"loc":{"start":{"line":540,"column":19},"end":{"line":540,"column":32}},"skip":true},"243":{"name":"o","line":543,"loc":{"start":{"line":543,"column":20},"end":{"line":543,"column":33}},"skip":true},"244":{"name":"(anonymous_244)","line":544,"loc":{"start":{"line":544,"column":48},"end":{"line":544,"column":63}},"skip":true},"245":{"name":"(anonymous_245)","line":546,"loc":{"start":{"line":546,"column":36},"end":{"line":546,"column":51}},"skip":true},"246":{"name":"(anonymous_246)","line":548,"loc":{"start":{"line":548,"column":41},"end":{"line":548,"column":51}},"skip":true},"247":{"name":"ast_squeeze","line":549,"loc":{"start":{"line":549,"column":1},"end":{"line":549,"column":26}},"skip":true},"248":{"name":"squeeze_1","line":549,"loc":{"start":{"line":549,"column":70},"end":{"line":550,"column":5}},"skip":true},"249":{"name":"s","line":550,"loc":{"start":{"line":550,"column":6},"end":{"line":550,"column":19}},"skip":true},"250":{"name":"o","line":558,"loc":{"start":{"line":558,"column":64},"end":{"line":559,"column":1}},"skip":true},"251":{"name":"(anonymous_251)","line":559,"loc":{"start":{"line":559,"column":8},"end":{"line":559,"column":18}},"skip":true},"252":{"name":"(anonymous_252)","line":561,"loc":{"start":{"line":561,"column":50},"end":{"line":561,"column":63}},"skip":true},"253":{"name":"u","line":562,"loc":{"start":{"line":562,"column":18},"end":{"line":562,"column":31}},"skip":true},"254":{"name":"a","line":563,"loc":{"start":{"line":563,"column":43},"end":{"line":563,"column":60}},"skip":true},"255":{"name":"f","line":564,"loc":{"start":{"line":564,"column":15},"end":{"line":564,"column":30}},"skip":true},"256":{"name":"(anonymous_256)","line":564,"loc":{"start":{"line":564,"column":60},"end":{"line":564,"column":73}},"skip":true},"257":{"name":"(anonymous_257)","line":565,"loc":{"start":{"line":565,"column":59},"end":{"line":565,"column":72}},"skip":true},"258":{"name":"(anonymous_258)","line":566,"loc":{"start":{"line":566,"column":9},"end":{"line":566,"column":20}},"skip":true},"259":{"name":"(anonymous_259)","line":567,"loc":{"start":{"line":567,"column":64},"end":{"line":567,"column":77}},"skip":true},"260":{"name":"(anonymous_260)","line":568,"loc":{"start":{"line":568,"column":9},"end":{"line":568,"column":20}},"skip":true},"261":{"name":"(anonymous_261)","line":570,"loc":{"start":{"line":570,"column":6},"end":{"line":570,"column":17}},"skip":true},"262":{"name":"(anonymous_262)","line":573,"loc":{"start":{"line":573,"column":3},"end":{"line":573,"column":16}},"skip":true},"263":{"name":"(anonymous_263)","line":573,"loc":{"start":{"line":573,"column":34},"end":{"line":573,"column":45}},"skip":true},"264":{"name":"l","line":577,"loc":{"start":{"line":577,"column":4},"end":{"line":577,"column":21}},"skip":true},"265":{"name":"(anonymous_265)","line":577,"loc":{"start":{"line":577,"column":45},"end":{"line":577,"column":58}},"skip":true},"266":{"name":"(anonymous_266)","line":578,"loc":{"start":{"line":578,"column":61},"end":{"line":578,"column":71}},"skip":true},"267":{"name":"c","line":579,"loc":{"start":{"line":579,"column":10},"end":{"line":579,"column":27}},"skip":true},"268":{"name":"h","line":580,"loc":{"start":{"line":580,"column":41},"end":{"line":580,"column":58}},"skip":true},"269":{"name":"(anonymous_269)","line":582,"loc":{"start":{"line":582,"column":1},"end":{"line":582,"column":11}},"skip":true},"270":{"name":"p","line":588,"loc":{"start":{"line":588,"column":61},"end":{"line":588,"column":76}},"skip":true},"271":{"name":"(anonymous_271)","line":589,"loc":{"start":{"line":589,"column":3},"end":{"line":589,"column":16}},"skip":true},"272":{"name":"(anonymous_272)","line":591,"loc":{"start":{"line":591,"column":63},"end":{"line":591,"column":76}},"skip":true},"273":{"name":"(anonymous_273)","line":593,"loc":{"start":{"line":593,"column":78},"end":{"line":594,"column":2}},"skip":true},"274":{"name":"(anonymous_274)","line":594,"loc":{"start":{"line":594,"column":37},"end":{"line":594,"column":50}},"skip":true},"275":{"name":"(anonymous_275)","line":595,"loc":{"start":{"line":595,"column":12},"end":{"line":595,"column":25}},"skip":true},"276":{"name":"(anonymous_276)","line":597,"loc":{"start":{"line":597,"column":9},"end":{"line":597,"column":20}},"skip":true},"277":{"name":"(anonymous_277)","line":597,"loc":{"start":{"line":597,"column":59},"end":{"line":597,"column":74}},"skip":true},"278":{"name":"(anonymous_278)","line":598,"loc":{"start":{"line":598,"column":24},"end":{"line":598,"column":35}},"skip":true},"279":{"name":"(anonymous_279)","line":598,"loc":{"start":{"line":598,"column":63},"end":{"line":598,"column":73}},"skip":true},"280":{"name":"(anonymous_280)","line":598,"loc":{"start":{"line":598,"column":81},"end":{"line":599,"column":1}},"skip":true},"281":{"name":"(anonymous_281)","line":601,"loc":{"start":{"line":601,"column":79},"end":{"line":602,"column":6}},"skip":true},"282":{"name":"(anonymous_282)","line":602,"loc":{"start":{"line":602,"column":39},"end":{"line":602,"column":54}},"skip":true},"283":{"name":"(anonymous_283)","line":603,"loc":{"start":{"line":603,"column":55},"end":{"line":603,"column":68}},"skip":true},"284":{"name":"(anonymous_284)","line":604,"loc":{"start":{"line":604,"column":72},"end":{"line":605,"column":4}},"skip":true},"285":{"name":"(anonymous_285)","line":605,"loc":{"start":{"line":605,"column":18},"end":{"line":605,"column":28}},"skip":true},"286":{"name":"(anonymous_286)","line":605,"loc":{"start":{"line":605,"column":46},"end":{"line":605,"column":57}},"skip":true},"287":{"name":"(anonymous_287)","line":607,"loc":{"start":{"line":607,"column":1},"end":{"line":607,"column":16}},"skip":true},"288":{"name":"(anonymous_288)","line":609,"loc":{"start":{"line":609,"column":59},"end":{"line":609,"column":72}},"skip":true},"289":{"name":"(anonymous_289)","line":611,"loc":{"start":{"line":611,"column":15},"end":{"line":611,"column":26}},"skip":true},"290":{"name":"(anonymous_290)","line":612,"loc":{"start":{"line":612,"column":73},"end":{"line":613,"column":1}},"skip":true},"291":{"name":"squeeze_2","line":613,"loc":{"start":{"line":613,"column":45},"end":{"line":613,"column":68}},"skip":true},"292":{"name":"s","line":613,"loc":{"start":{"line":613,"column":69},"end":{"line":614,"column":4}},"skip":true},"293":{"name":"o","line":614,"loc":{"start":{"line":614,"column":38},"end":{"line":614,"column":55}},"skip":true},"294":{"name":"(anonymous_294)","line":616,"loc":{"start":{"line":616,"column":1},"end":{"line":616,"column":12}},"skip":true},"295":{"name":"(anonymous_295)","line":617,"loc":{"start":{"line":617,"column":1},"end":{"line":617,"column":12}},"skip":true},"296":{"name":"(anonymous_296)","line":618,"loc":{"start":{"line":618,"column":1},"end":{"line":618,"column":11}},"skip":true},"297":{"name":"make_string","line":618,"loc":{"start":{"line":618,"column":41},"end":{"line":618,"column":66}},"skip":true},"298":{"name":"(anonymous_298)","line":619,"loc":{"start":{"line":619,"column":50},"end":{"line":619,"column":61}},"skip":true},"299":{"name":"to_ascii","line":623,"loc":{"start":{"line":623,"column":68},"end":{"line":624,"column":3}},"skip":true},"300":{"name":"(anonymous_300)","line":624,"loc":{"start":{"line":624,"column":40},"end":{"line":624,"column":51}},"skip":true},"301":{"name":"gen_code","line":625,"loc":{"start":{"line":625,"column":46},"end":{"line":625,"column":68}},"skip":true},"302":{"name":"o","line":625,"loc":{"start":{"line":625,"column":69},"end":{"line":626,"column":2}},"skip":true},"303":{"name":"u","line":627,"loc":{"start":{"line":627,"column":20},"end":{"line":627,"column":33}},"skip":true},"304":{"name":"a","line":628,"loc":{"start":{"line":628,"column":7},"end":{"line":628,"column":20}},"skip":true},"305":{"name":"f","line":629,"loc":{"start":{"line":629,"column":23},"end":{"line":629,"column":38}},"skip":true},"306":{"name":"l","line":630,"loc":{"start":{"line":630,"column":35},"end":{"line":630,"column":48}},"skip":true},"307":{"name":"c","line":631,"loc":{"start":{"line":631,"column":12},"end":{"line":631,"column":25}},"skip":true},"308":{"name":"h","line":631,"loc":{"start":{"line":631,"column":56},"end":{"line":631,"column":69}},"skip":true},"309":{"name":"p","line":635,"loc":{"start":{"line":635,"column":10},"end":{"line":635,"column":23}},"skip":true},"310":{"name":"d","line":635,"loc":{"start":{"line":635,"column":45},"end":{"line":635,"column":58}},"skip":true},"311":{"name":"v","line":637,"loc":{"start":{"line":637,"column":27},"end":{"line":637,"column":40}},"skip":true},"312":{"name":"m","line":639,"loc":{"start":{"line":639,"column":1},"end":{"line":639,"column":14}},"skip":true},"313":{"name":"g","line":643,"loc":{"start":{"line":643,"column":7},"end":{"line":643,"column":20}},"skip":true},"314":{"name":"w","line":648,"loc":{"start":{"line":648,"column":4},"end":{"line":648,"column":17}},"skip":true},"315":{"name":"E","line":650,"loc":{"start":{"line":650,"column":71},"end":{"line":651,"column":11}},"skip":true},"316":{"name":"S","line":652,"loc":{"start":{"line":652,"column":36},"end":{"line":652,"column":49}},"skip":true},"317":{"name":"x","line":655,"loc":{"start":{"line":655,"column":33},"end":{"line":655,"column":48}},"skip":true},"318":{"name":"T","line":657,"loc":{"start":{"line":657,"column":29},"end":{"line":657,"column":42}},"skip":true},"319":{"name":"(anonymous_319)","line":658,"loc":{"start":{"line":658,"column":6},"end":{"line":658,"column":19}},"skip":true},"320":{"name":"(anonymous_320)","line":658,"loc":{"start":{"line":658,"column":44},"end":{"line":658,"column":54}},"skip":true},"321":{"name":"(anonymous_321)","line":659,"loc":{"start":{"line":659,"column":37},"end":{"line":659,"column":47}},"skip":true},"322":{"name":"N","line":660,"loc":{"start":{"line":660,"column":43},"end":{"line":660,"column":56}},"skip":true},"323":{"name":"(anonymous_323)","line":661,"loc":{"start":{"line":661,"column":9},"end":{"line":661,"column":19}},"skip":true},"324":{"name":"C","line":661,"loc":{"start":{"line":661,"column":55},"end":{"line":661,"column":68}},"skip":true},"325":{"name":"(anonymous_325)","line":665,"loc":{"start":{"line":665,"column":48},"end":{"line":665,"column":58}},"skip":true},"326":{"name":"(anonymous_326)","line":666,"loc":{"start":{"line":666,"column":1},"end":{"line":666,"column":12}},"skip":true},"327":{"name":"(anonymous_327)","line":666,"loc":{"start":{"line":666,"column":43},"end":{"line":666,"column":54}},"skip":true},"328":{"name":"(anonymous_328)","line":667,"loc":{"start":{"line":667,"column":62},"end":{"line":667,"column":75}},"skip":true},"329":{"name":"(anonymous_329)","line":668,"loc":{"start":{"line":668,"column":32},"end":{"line":668,"column":43}},"skip":true},"330":{"name":"(anonymous_330)","line":669,"loc":{"start":{"line":669,"column":1},"end":{"line":669,"column":12}},"skip":true},"331":{"name":"(anonymous_331)","line":669,"loc":{"start":{"line":669,"column":51},"end":{"line":669,"column":66}},"skip":true},"332":{"name":"(anonymous_332)","line":671,"loc":{"start":{"line":671,"column":13},"end":{"line":671,"column":24}},"skip":true},"333":{"name":"(anonymous_333)","line":671,"loc":{"start":{"line":671,"column":61},"end":{"line":671,"column":74}},"skip":true},"334":{"name":"(anonymous_334)","line":672,"loc":{"start":{"line":672,"column":23},"end":{"line":672,"column":34}},"skip":true},"335":{"name":"(anonymous_335)","line":673,"loc":{"start":{"line":673,"column":33},"end":{"line":673,"column":44}},"skip":true},"336":{"name":"(anonymous_336)","line":674,"loc":{"start":{"line":674,"column":7},"end":{"line":674,"column":17}},"skip":true},"337":{"name":"(anonymous_337)","line":674,"loc":{"start":{"line":674,"column":38},"end":{"line":674,"column":48}},"skip":true},"338":{"name":"(anonymous_338)","line":674,"loc":{"start":{"line":674,"column":63},"end":{"line":674,"column":73}},"skip":true},"339":{"name":"(anonymous_339)","line":675,"loc":{"start":{"line":675,"column":58},"end":{"line":675,"column":71}},"skip":true},"340":{"name":"(anonymous_340)","line":676,"loc":{"start":{"line":676,"column":40},"end":{"line":676,"column":51}},"skip":true},"341":{"name":"(anonymous_341)","line":677,"loc":{"start":{"line":677,"column":32},"end":{"line":677,"column":43}},"skip":true},"342":{"name":"(anonymous_342)","line":678,"loc":{"start":{"line":678,"column":25},"end":{"line":678,"column":40}},"skip":true},"343":{"name":"(anonymous_343)","line":679,"loc":{"start":{"line":679,"column":42},"end":{"line":679,"column":57}},"skip":true},"344":{"name":"(anonymous_344)","line":680,"loc":{"start":{"line":680,"column":35},"end":{"line":680,"column":46}},"skip":true},"345":{"name":"(anonymous_345)","line":682,"loc":{"start":{"line":682,"column":41},"end":{"line":682,"column":54}},"skip":true},"346":{"name":"(anonymous_346)","line":683,"loc":{"start":{"line":683,"column":61},"end":{"line":683,"column":72}},"skip":true},"347":{"name":"(anonymous_347)","line":684,"loc":{"start":{"line":684,"column":44},"end":{"line":684,"column":59}},"skip":true},"348":{"name":"(anonymous_348)","line":685,"loc":{"start":{"line":685,"column":56},"end":{"line":685,"column":73}},"skip":true},"349":{"name":"(anonymous_349)","line":688,"loc":{"start":{"line":688,"column":46},"end":{"line":688,"column":63}},"skip":true},"350":{"name":"(anonymous_350)","line":689,"loc":{"start":{"line":689,"column":62},"end":{"line":689,"column":75}},"skip":true},"351":{"name":"(anonymous_351)","line":690,"loc":{"start":{"line":690,"column":36},"end":{"line":690,"column":49}},"skip":true},"352":{"name":"(anonymous_352)","line":691,"loc":{"start":{"line":691,"column":25},"end":{"line":691,"column":36}},"skip":true},"353":{"name":"(anonymous_353)","line":692,"loc":{"start":{"line":692,"column":20},"end":{"line":692,"column":35}},"skip":true},"354":{"name":"(anonymous_354)","line":697,"loc":{"start":{"line":697,"column":37},"end":{"line":697,"column":50}},"skip":true},"355":{"name":"(anonymous_355)","line":699,"loc":{"start":{"line":699,"column":41},"end":{"line":699,"column":54}},"skip":true},"356":{"name":"(anonymous_356)","line":700,"loc":{"start":{"line":700,"column":77},"end":{"line":701,"column":4}},"skip":true},"357":{"name":"(anonymous_357)","line":701,"loc":{"start":{"line":701,"column":66},"end":{"line":701,"column":77}},"skip":true},"358":{"name":"(anonymous_358)","line":702,"loc":{"start":{"line":702,"column":58},"end":{"line":702,"column":68}},"skip":true},"359":{"name":"(anonymous_359)","line":703,"loc":{"start":{"line":703,"column":2},"end":{"line":703,"column":13}},"skip":true},"360":{"name":"(anonymous_360)","line":706,"loc":{"start":{"line":706,"column":69},"end":{"line":707,"column":2}},"skip":true},"361":{"name":"(anonymous_361)","line":707,"loc":{"start":{"line":707,"column":59},"end":{"line":707,"column":70}},"skip":true},"362":{"name":"(anonymous_362)","line":708,"loc":{"start":{"line":708,"column":30},"end":{"line":708,"column":43}},"skip":true},"363":{"name":"(anonymous_363)","line":709,"loc":{"start":{"line":709,"column":48},"end":{"line":709,"column":59}},"skip":true},"364":{"name":"(anonymous_364)","line":710,"loc":{"start":{"line":710,"column":31},"end":{"line":710,"column":41}},"skip":true},"365":{"name":"(anonymous_365)","line":711,"loc":{"start":{"line":711,"column":1},"end":{"line":711,"column":14}},"skip":true},"366":{"name":"(anonymous_366)","line":711,"loc":{"start":{"line":711,"column":49},"end":{"line":711,"column":62}},"skip":true},"367":{"name":"(anonymous_367)","line":712,"loc":{"start":{"line":712,"column":22},"end":{"line":712,"column":33}},"skip":true},"368":{"name":"(anonymous_368)","line":712,"loc":{"start":{"line":712,"column":57},"end":{"line":712,"column":68}},"skip":true},"369":{"name":"(anonymous_369)","line":713,"loc":{"start":{"line":713,"column":10},"end":{"line":713,"column":20}},"skip":true},"370":{"name":"split_lines","line":713,"loc":{"start":{"line":713,"column":35},"end":{"line":713,"column":60}},"skip":true},"371":{"name":"(anonymous_371)","line":714,"loc":{"start":{"line":714,"column":7},"end":{"line":714,"column":17}},"skip":true},"372":{"name":"o","line":714,"loc":{"start":{"line":714,"column":18},"end":{"line":714,"column":31}},"skip":true},"373":{"name":"u","line":714,"loc":{"start":{"line":714,"column":47},"end":{"line":714,"column":60}},"skip":true},"374":{"name":"a","line":714,"loc":{"start":{"line":714,"column":79},"end":{"line":715,"column":2}},"skip":true},"375":{"name":"(anonymous_375)","line":717,"loc":{"start":{"line":717,"column":48},"end":{"line":717,"column":58}},"skip":true},"376":{"name":"(anonymous_376)","line":718,"loc":{"start":{"line":718,"column":30},"end":{"line":718,"column":43}},"skip":true},"377":{"name":"repeat_string","line":719,"loc":{"start":{"line":719,"column":15},"end":{"line":719,"column":42}},"skip":true},"378":{"name":"defaults","line":720,"loc":{"start":{"line":720,"column":48},"end":{"line":720,"column":70}},"skip":true},"379":{"name":"is_identifier","line":721,"loc":{"start":{"line":721,"column":78},"end":{"line":722,"column":3}},"skip":true},"380":{"name":"HOP","line":723,"loc":{"start":{"line":723,"column":48},"end":{"line":723,"column":65}},"skip":true},"381":{"name":"(anonymous_381)","line":726,"loc":{"start":{"line":726,"column":46},"end":{"line":726,"column":56}},"skip":true},"382":{"name":"(anonymous_382)","line":726,"loc":{"start":{"line":726,"column":86},"end":{"line":727,"column":2}},"skip":true},"383":{"name":"(anonymous_383)","line":728,"loc":{"start":{"line":728,"column":25},"end":{"line":728,"column":36}},"skip":true},"384":{"name":"(anonymous_384)","line":729,"loc":{"start":{"line":729,"column":25},"end":{"line":729,"column":36}},"skip":true},"385":{"name":"(anonymous_385)","line":730,"loc":{"start":{"line":730,"column":21},"end":{"line":730,"column":31}},"skip":true},"386":{"name":"(anonymous_386)","line":731,"loc":{"start":{"line":731,"column":41},"end":{"line":731,"column":51}},"skip":true},"387":{"name":"(anonymous_387)","line":735,"loc":{"start":{"line":735,"column":14},"end":{"line":735,"column":27}},"skip":true},"388":{"name":"(anonymous_388)","line":736,"loc":{"start":{"line":736,"column":1},"end":{"line":736,"column":14}},"skip":true},"389":{"name":"(anonymous_389)","line":738,"loc":{"start":{"line":738,"column":1},"end":{"line":738,"column":12}},"skip":true},"390":{"name":"(anonymous_390)","line":739,"loc":{"start":{"line":739,"column":10},"end":{"line":739,"column":23}},"skip":true},"391":{"name":"(anonymous_391)","line":740,"loc":{"start":{"line":740,"column":39},"end":{"line":740,"column":50}},"skip":true},"392":{"name":"(anonymous_392)","line":741,"loc":{"start":{"line":741,"column":59},"end":{"line":741,"column":69}},"skip":true},"393":{"name":"(anonymous_393)","line":742,"loc":{"start":{"line":742,"column":0},"end":{"line":742,"column":10}},"skip":true},"394":{"name":"t","line":742,"loc":{"start":{"line":742,"column":11},"end":{"line":742,"column":24}},"skip":true},"395":{"name":"(anonymous_395)","line":754,"loc":{"start":{"line":754,"column":44},"end":{"line":754,"column":59}},"skip":true},"396":{"name":"(anonymous_396)","line":764,"loc":{"start":{"line":764,"column":8},"end":{"line":764,"column":18}},"skip":true},"397":{"name":"t","line":764,"loc":{"start":{"line":764,"column":19},"end":{"line":764,"column":32}},"skip":true},"398":{"name":"n","line":764,"loc":{"start":{"line":764,"column":42},"end":{"line":764,"column":55}},"skip":true},"399":{"name":"(anonymous_399)","line":764,"loc":{"start":{"line":764,"column":69},"end":{"line":765,"column":4}},"skip":true},"400":{"name":"f","line":765,"loc":{"start":{"line":765,"column":5},"end":{"line":765,"column":17}},"skip":true},"401":{"name":"(anonymous_401)","line":768,"loc":{"start":{"line":768,"column":47},"end":{"line":768,"column":58}},"skip":true},"402":{"name":"(anonymous_402)","line":769,"loc":{"start":{"line":769,"column":7},"end":{"line":769,"column":18}},"skip":true},"403":{"name":"(anonymous_403)","line":772,"loc":{"start":{"line":772,"column":20},"end":{"line":772,"column":31}},"skip":true},"404":{"name":"(anonymous_404)","line":779,"loc":{"start":{"line":779,"column":23},"end":{"line":779,"column":45}},"skip":true},"405":{"name":"(anonymous_405)","line":826,"loc":{"start":{"line":826,"column":33},"end":{"line":826,"column":45}},"skip":true},"406":{"name":"(anonymous_406)","line":837,"loc":{"start":{"line":837,"column":19},"end":{"line":837,"column":39}},"skip":true},"407":{"name":"(anonymous_407)","line":840,"loc":{"start":{"line":840,"column":36},"end":{"line":840,"column":53}},"skip":true},"408":{"name":"(anonymous_408)","line":843,"loc":{"start":{"line":843,"column":35},"end":{"line":843,"column":47}},"skip":true}},"statementMap":{"1":{"start":{"line":14,"column":0},"end":{"line":862,"column":5}},"2":{"start":{"line":16,"column":4},"end":{"line":16,"column":14}},"3":{"start":{"line":21,"column":4},"end":{"line":95,"column":9}},"4":{"start":{"line":23,"column":8},"end":{"line":23,"column":19}},"5":{"start":{"line":25,"column":8},"end":{"line":37,"column":13}},"6":{"start":{"line":26,"column":12},"end":{"line":36,"column":13}},"7":{"start":{"line":27,"column":16},"end":{"line":30,"column":30}},"8":{"start":{"line":32,"column":16},"end":{"line":35,"column":27}},"9":{"start":{"line":39,"column":8},"end":{"line":41,"column":21}},"10":{"start":{"line":43,"column":8},"end":{"line":43,"column":54}},"11":{"start":{"line":45,"column":8},"end":{"line":50,"column":9},"skip":true},"12":{"start":{"line":46,"column":12},"end":{"line":48,"column":55},"skip":true},"13":{"start":{"line":49,"column":12},"end":{"line":49,"column":28},"skip":true},"14":{"start":{"line":52,"column":8},"end":{"line":92,"column":9}},"15":{"start":{"line":53,"column":12},"end":{"line":53,"column":51}},"16":{"start":{"line":57,"column":12},"end":{"line":57,"column":45}},"17":{"start":{"line":58,"column":12},"end":{"line":58,"column":59}},"18":{"start":{"line":59,"column":12},"end":{"line":59,"column":47}},"19":{"start":{"line":60,"column":12},"end":{"line":60,"column":47}},"20":{"start":{"line":61,"column":12},"end":{"line":61,"column":51}},"21":{"start":{"line":62,"column":12},"end":{"line":62,"column":45}},"22":{"start":{"line":63,"column":12},"end":{"line":63,"column":43}},"23":{"start":{"line":64,"column":12},"end":{"line":64,"column":39}},"24":{"start":{"line":65,"column":12},"end":{"line":65,"column":45}},"25":{"start":{"line":66,"column":12},"end":{"line":66,"column":45}},"26":{"start":{"line":67,"column":12},"end":{"line":67,"column":37}},"27":{"start":{"line":68,"column":12},"end":{"line":68,"column":41}},"28":{"start":{"line":69,"column":12},"end":{"line":69,"column":43}},"29":{"start":{"line":70,"column":12},"end":{"line":70,"column":45}},"30":{"start":{"line":71,"column":12},"end":{"line":71,"column":39}},"31":{"start":{"line":72,"column":12},"end":{"line":72,"column":37}},"32":{"start":{"line":73,"column":12},"end":{"line":73,"column":41}},"33":{"start":{"line":74,"column":12},"end":{"line":74,"column":47}},"34":{"start":{"line":75,"column":12},"end":{"line":75,"column":49}},"35":{"start":{"line":76,"column":12},"end":{"line":76,"column":55}},"36":{"start":{"line":77,"column":12},"end":{"line":77,"column":49}},"37":{"start":{"line":78,"column":12},"end":{"line":78,"column":41}},"38":{"start":{"line":79,"column":12},"end":{"line":79,"column":45}},"39":{"start":{"line":80,"column":12},"end":{"
[...]
,"","this script will run a web-demo of uglifyjs-lite","","instruction","    1. save this script as example.js","    2. run the shell command:","        $ npm install uglifyjs-lite && PORT=8081 node example.js","    3. open a browser to http://127.0.0.1:8081 and play with the web-demo","    4. edit this script to suit your needs","*/","","","","/* istanbul instrument in package uglifyjs */","/* jslint-utility2 */","/*jslint","    bitwise: true,","    browser: true,","    maxerr: 4,","    maxlen: 100,","    node: true,","    nomen: true,","    regexp: true,","    stupid: true","*/","(function () {","    'use strict';","    var local;","","","","    // run shared js-env code - init-before","    (function () {","        // init local","        local = {};","        // init modeJs","        local.modeJs = (function () {","            try {","                return typeof navigator.userAgent === 'string' &&","                    typeof document.querySelector('body') === 'object' &&","                    typeof XMLHttpRequest.prototype.open === 'function' &&","                    'browser';","            } catch (errorCaughtBrowser) {","                return module.exports &&","                    typeof process.versions.node === 'string' &&","                    typeof require('http').createServer === 'function' &&","                    'node';","            }","        }());","        // init global","        local.global = local.modeJs === 'browser'","            ? window","            : global;","        // init utility2_rollup","        local = local.global.utility2_rollup || (local.modeJs === 'browser'","            ? local.global.utility2_uglifyjs","            : global.utility2_moduleExports);","        // init exports","        local.global.local = local;","    }());","    switch (local.modeJs) {","","","","    // run browser js-env code - init-test","    /* istanbul ignore next */","    case 'browser':","        local.testRunBrowser = function (event) {","            if (!event || (event &&","                    event.currentTarget &&","                    event.currentTarget.className &&","                    event.currentTarget.className.includes &&","                    event.currentTarget.className.includes('onreset'))) {","                // reset output","                Array.from(","                    document.querySelectorAll('body > .resettable')","                ).forEach(function (element) {","                    switch (element.tagName) {","                    case 'INPUT':","                    case 'TEXTAREA':","                        element.value = '';","                        break;","                    default:","                        element.textContent = '';","                    }","                });","            }","            switch (event && event.currentTarget && event.currentTarget.id) {","            case 'testRunButton1':","                // show tests","                if (document.querySelector('#testReportDiv1').style.maxHeight === '0px') {","                    local.uiAnimateSlideDown(document.querySelector('#testReportDiv1'));","                    document.querySelector('#testRunButton1').textContent = 'hide internal test';","                    local.modeTest = true;","                    local.testRunDefault(local);","                // hide tests","                } else {","                    local.uiAnimateSlideUp(document.querySelector('#testReportDiv1'));","                    document.querySelector('#testRunButton1').textContent = 'run internal test';","                }","                break;","            // custom-case","            default:","                // try to uglify and eval input-code","                try {","                    /*jslint evil: true*/","                    document.querySelector('#outputTextarea1').value =","                        local.uglifyjs.uglify(","                            document.querySelector('#inputTextarea1').value,","                            'inputTextarea1.js'","                        );","                    eval(document.querySelector('#outputTextarea1').value);","                } catch (errorCaught) {","                    console.error(errorCaught.stack);","                }","            }","            if (document.querySelector('#inputTextareaEval1') && (!event || (event &&","                    event.currentTarget &&","                    event.currentTarget.className &&","                    event.currentTarget.className.includes &&","                    event.currentTarget.className.includes('oneval')))) {","                // try to eval input-code","                try {","                    /*jslint evil: true*/","                    eval(document.querySelector('#inputTextareaEval1').value);","                } catch (errorCaught) {","                    console.error(errorCaught);","                }","            }","        };","        // log stderr and stdout to #outputTextareaStdout1","        ['error', 'log'].forEach(function (key) {","            console[key + '_original'] = console[key];","            console[key] = function () {","                var element;","                console[key + '_original'].apply(console, arguments);","                element = document.querySelector('#outputTextareaStdout1');","                if (!element) {","                    return;","                }","                // append text to #outputTextareaStdout1","                element.value += Array.from(arguments).map(function (arg) {","                    return typeof arg === 'string'","                        ? arg","                        : JSON.stringify(arg, null, 4);","                }).join(' ') + '\\n';","                // scroll textarea to bottom","                element.scrollTop = element.scrollHeight;","            };","        });","        // init event-handling","        ['change', 'click', 'keyup'].forEach(function (event) {","            Array.from(document.querySelectorAll('.on' + event)).forEach(function (element) {","                element.addEventListener(event, local.testRunBrowser);","            });","        });","        // run tests","        local.testRunBrowser();","        break;","","","","    // run node js-env code - init-test","    /* istanbul ignore next */","    case 'node':","        // init exports","        module.exports = local;","        // require builtins","        // local.assert = require('assert');","        local.buffer = require('buffer');","        local.child_process = require('child_process');","        local.cluster = require('cluster');","        local.console = require('console');","        local.constants = require('constants');","        local.crypto = require('crypto');","        local.dgram = require('dgram');","        local.dns = require('dns');","        local.domain = require('domain');","        local.events = require('events');","        local.fs = require('fs');","        local.http = require('http');","        local.https = require('https');","        local.module = require('module');","        local.net = require('net');","        local.os = require('os');","        local.path = require('path');","        local.process = require('process');","        local.punycode = require('punycode');","        local.querystring = require('querystring');","        local.readline = require('readline');","        local.repl = require('repl');","        local.stream = require('stream');","        local.string_decoder = require('string_decoder');","        local.timers = require('timers');","        local.tls = require('tls');","        local.tty = require('tty');","        local.url = require('url');","        local.util = require('util');","        local.v8 = require('v8');","        local.vm = require('vm');","        local.zlib = require('zlib');","/* validateLineSortedReset */","        // init assets","        local.assetsDict = local.assetsDict || {};","        /* jslint-ignore-begin */","        local.assetsDict['/assets.index.template.html'] = '\\","<!doctype html>\\n\\","<html lang=\"en\">\\n\\","<head>\\n\\","<meta charset=\"UTF-8\">\\n\\","<meta name=\"viewport\" content=\"width=device-width, initial-scale=1\">\\n\\","<!-- \"assets.index.default.template.html\" -->\\n\\","<title>{{env.npm_package_name}} (v{{env.npm_package_version}})</title>\\n\\","<style>\\n\\","/* jslint-utility2 */\\n\\","/*csslint\\n\\","*/\\n\\","/* jslint-ignore-begin */\\n\\","*,\\n\\","*:after,\\n\\","*:before {\\n\\","    box-sizing: border-box;\\n\\","}\\n\\","/* jslint-ignore-end */\\n\\","@keyframes uiAnimateShake {\\n\\","    0%, 50% {\\n\\","        transform: translateX(10px);\\n\\","    }\\n\\","    25%, 75% {\\n\\","        transform: translateX(-10px);\\n\\","    }\\n\\","    100% {\\n\\","        transform: translateX(0);\\n\\","    }\\n\\","}\\n\\","@keyframes uiAnimateSpin {\\n\\","    0% {\\n\\","        transform: rotate(0deg);\\n\\","    }\\n\\","    100% {\\n\\","        transform: rotate(360deg);\\n\\","    }\\n\\","}\\n\\","a {\\n\\","    overflow-wrap: break-word;\\n\\","}\\n\\","body > div,\\n\\","body > pre,\\n\\","body > textarea,\\n\\","body > .button {\\n\\","    margin-bottom: 20px;\\n\\","}\\n\\","body > textarea {\\n\\","    height: 10rem;\\n\\","    width: 100%;\\n\\","}\\n\\","body > textarea[readonly] {\\n\\","    background: #ddd;\\n\\","}\\n\\","body > .button {\\n\\","    width: 20rem;\\n\\","}\\n\\","code,\\n\\","pre,\\n\\","textarea {\\n\\","    font-family: Consolas, Menlo, monospace;\\n\\","    font-size: small;\\n\\","}\\n\\","pre {\\n\\","    overflow-wrap: break-word;\\n\\","    white-space: pre-wrap;\\n\\","}\\n\\","textarea {\\n\\","    overflow: auto;\\n\\","    white-space: pre;\\n\\","}\\n\\",".button {\\n\\","    background-color: #fff;\\n\\","    border: 1px solid;\\n\\","    border-bottom-color: rgb(186, 186, 186);\\n\\","    border-left-color: rgb(209, 209, 209);\\n\\","    border-radius: 4px;\\n\\","    border-right-color: rgb(209, 209, 209);\\n\\","    border-top-color: rgb(216, 216, 216);\\n\\","    color: #00d;\\n\\","    cursor: pointer;\\n\\","    display: inline-block;\\n\\","    font-family: Arial, Helvetica, sans-serif;\\n\\","    font-size: 12px;\\n\\","    font-style: normal;\\n\\","    font-weight: normal;\\n\\","    margin: 0;\\n\\","    padding: 2px 7px 3px 7px;\\n\\","    text-align: center;\\n\\","    text-decoration: underline;\\n\\","}\\n\\",".colorError {\\n\\","    color: #d00;\\n\\","}\\n\\",".uiAnimateShake {\\n\\","    animation-duration: 500ms;\\n\\","    animation-name: uiAnimateShake;\\n\\","}\\n\\",".uiAnimateSlide {\\n\\","    overflow-y: hidden;\\n\\","    transition: max-height ease-in 250ms, min-height ease-in 250ms, padding-bottom ease-in 250ms, padding-top ease-in 250ms;\\n\\","}\\n\\",".utility2FooterDiv {\\n\\","    text-align: center;\\n\\","}\\n\\",".zeroPixel {\\n\\","    border: 0;\\n\\","    height: 0;\\n\\","    margin: 0;\\n\\","    padding: 0;\\n\\","    width: 0;\\n\\","}\\n\\","</style>\\n\\","</head>\\n\\","<body style=\"background: #eef; font-family: Arial, Helvetica, sans-serif; margin: 0 40px;\">\\n\\","<div id=\"ajaxProgressDiv1\" style=\"background: #d00; height: 2px; left: 0; margin: 0; padding: 0; position: fixed; top: 0; transition: background 500ms, width 1500ms; width: 0%; z-index: 1;\"></div>\\n\\","<div class=\"uiAnimateSpin\" style=\"animation: uiAnimateSpin 2s linear infinite; border: 5px solid #999; border-radius: 50%; border-top: 5px solid #7d7; display: none; height: 25px; vertical-align: middle; width: 25px;\"></div>\\n\\","<code style=\"display: none;\"></code><div class=\"button uiAnimateShake uiAnimateSlide utility2FooterDiv zeroPixel\" style=\"display: none;\"></div><pre style=\"display: none;\"></pre><textarea readonly style=\"display: none;\"></textarea>\\n\\","<script>\\n\\","/* jslint-utility2 */\\n\\","/*jslint\\n\\","    bitwise: true,\\n\\","    browser: true,\\n\\","    maxerr: 4,\\n\\","    maxlen: 100,\\n\\","    node: true,\\n\\","    nomen: true,\\n\\","    regexp: true,\\n\\","    stupid: true\\n\\","*/\\n\\","(function () {\\n\\","    \"use strict\";\\n\\","    var ajaxProgressDiv1,\\n\\","        ajaxProgressState,\\n\\","        ajaxProgressUpdate,\\n\\","        timerIntervalAjaxProgressUpdate;\\n\\","    ajaxProgressDiv1 = document.querySelector(\"#ajaxProgressDiv1\");\\n\\","    setTimeout(function () {\\n\\","        ajaxProgressDiv1.style.width = \"25%\";\\n\\","    });\\n\\","    ajaxProgressState = 0;\\n\\","    ajaxProgressUpdate = (window.local &&\\n\\","        window.local.ajaxProgressUpdate) || function () {\\n\\","        ajaxProgressDiv1.style.width = \"100%\";\\n\\","        setTimeout(function () {\\n\\","            ajaxProgressDiv1.style.background = \"transparent\";\\n\\","            setTimeout(function () {\\n\\","                ajaxProgressDiv1.style.width = \"0%\";\\n\\","            }, 500);\\n\\","        }, 1500);\\n\\","    };\\n\\","    timerIntervalAjaxProgressUpdate = setInterval(function () {\\n\\","        ajaxProgressState += 1;\\n\\","        ajaxProgressDiv1.style.width = Math.max(\\n\\","            100 - 75 * Math.exp(-0.125 * ajaxProgressState),\\n\\","            Number(ajaxProgressDiv1.style.width.slice(0, -1)) || 0\\n\\","        ) + \"%\";\\n\\","    }, 1000);\\n\\","    window.addEventListener(\"load\", function () {\\n\\","        clearInterval(timerIntervalAjaxProgressUpdate);\\n\\","        ajaxProgressUpdate();\\n\\","    });\\n\\","}());\\n\\","</script>\\n\\","<h1>\\n\\","<!-- utility2-comment\\n\\","    <a\\n\\","        {{#if env.npm_package_homepage}}\\n\\","        href=\"{{env.npm_package_homepage}}\"\\n\\","        {{/if env.npm_package_homepage}}\\n\\","        target=\"_blank\"\\n\\","    >\\n\\","utility2-comment -->\\n\\","        {{env.npm_package_name}} (v{{env.npm_package_version}})\\n\\","<!-- utility2-comment\\n\\","    </a>\\n\\","utility2-comment -->\\n\\","</h1>\\n\\","<h3>{{env.npm_package_description}}</h3>\\n\\","<!-- utility2-comment\\n\\","<a class=\"button\" download href=\"assets.app.js\">download standalone app</a><br>\\n\\","<button class=\"button onclick onreset\" id=\"testRunButton1\">run internal test</button><br>\\n\\","<div class=\"uiAnimateSlide\" id=\"testReportDiv1\" style=\"border-bottom: 0; border-top: 0; margin-bottom: 0; margin-top: 0; max-height: 0; padding-bottom: 0; padding-top: 0;\"></div>\\n\\","utility2-comment -->\\n\\","\\n\\","\\n\\","\\n\\","<label>edit or paste script below to cover and eval</label>\\n\\","<textarea class=\"onkeyup onreset\" id=\"inputTextarea1\">\\n\\","var aa;\\n\\","aa = \"hello\";\\n\\","console.log(aa);\\n\\","console.log(null);\\n\\","</textarea>\\n\\","<label>uglified-code</label>\\n\\","<textarea class=\"resettable\" id=\"outputTextarea1\" readonly></textarea>\\n\\","<label>stderr and stdout</label>\\n\\","<textarea class=\"resettable\" id=\"outputTextareaStdout1\" readonly></textarea>\\n\\","<!-- utility2-comment\\n\\","{{#if isRollup}}\\n\\","<script src=\"assets.app.js\"></script>\\n\\","{{#unless isRollup}}\\n\\","utility2-comment -->\\n\\","<script src=\"assets.utility2.rollup.js\"></script>\\n\\","<script>window.utility2.onResetBefore.counter += 1;</script>\\n\\","<script src=\"jsonp.utility2.stateInit?callback=window.utility2.stateInit\"></script>\\n\\","<script src=\"assets.uglifyjs.js\"></script>\\n\\","<script src=\"assets.example.js\"></script>\\n\\","<script src=\"assets.test.js\"></script>\\n\\","<script>window.utility2.onResetBefore();</script>\\n\\","<!-- utility2-comment\\n\\","{{/if isRollup}}\\n\\","utility2-comment -->\\n\\","<div class=\"utility2FooterDiv\">\\n\\","    [ this app was created with\\n\\","    <a href=\"https://github.com/kaizhu256/node-utility2\" target=\"_blank\">utility2</a>\\n\\","    ]\\n\\","</div>\\n\\","</body>\\n\\","</html>\\n\\","';","        /* jslint-ignore-end */","        [","            'assets.index.css',","            'assets.index.template.html',","            'assets.swgg.swagger.json',","            'assets.swgg.swagger.server.json'","        ].forEach(function (file) {","            file = '/' + file;","            local.assetsDict[file] = local.assetsDict[file] || '';","            if (local.fs.existsSync(local.__dirname + file)) {","                local.assetsDict[file] = local.fs.readFileSync(","                    local.__dirname + file,","                    'utf8'","                );","            }","        });","/* validateLineSortedReset */","        // bug-workaround - long $npm_package_buildCustomOrg","        /* jslint-ignore-begin */","        local.assetsDict['/assets.uglifyjs.js'] = local.assetsDict['/assets.uglifyjs.js'] ||","            local.fs.readFileSync(local.__dirname + '/lib.uglifyjs.js', 'utf8'","        ).replace((/^#!/), '//');","/* validateLineSortedReset */","        local.assetsDict['/'] =","            local.assetsDict['/assets.example.html'] =","            local.assetsDict['/assets.index.template.html']","            .replace((/\\{\\{env\\.(\\w+?)\\}\\}/g), function (match0, match1) {","                switch (match1) {","                case 'npm_package_description':","                    return 'the greatest app in the world!';","                case 'npm_package_name':","                    return 'uglifyjs-lite';","                case 'npm_package_nameLib':","                    return 'uglifyjs';","                case 'npm_package_version':","                    return '0.0.1';","                default:","                    return match0;","                }","            });","        // init cli","        if (module !== require.main || local.global.utility2_rollup) {","            break;","        }","        local.assetsDict['/assets.example.js'] =","            local.assetsDict['/assets.example.js'] ||","            local.fs.readFileSync(__filename, 'utf8');","        /* jslint-ignore-end */","        local.assetsDict['/favicon.ico'] = local.assetsDict['/favicon.ico'] || '';","        // if $npm_config_timeout_exit exists,","        // then exit this process after $npm_config_timeout_exit ms","        if (Number(process.env.npm_config_timeout_exit)) {","            setTimeout(process.exit, Number(process.env.npm_config_timeout_exit));","        }","        // start server","        if (local.global.utility2_serverHttp1) {","            break;","        }","        process.env.PORT = process.env.PORT || '8081';","        console.error('server starting on port ' + process.env.PORT);","        local.http.createServer(function (request, response) {","            request.urlParsed = local.url.parse(request.url);","            if (local.assetsDict[request.urlParsed.pathname] !== undefined) {","                response.end(local.assetsDict[request.urlParsed.pathname]);","                return;","            }","            response.statusCode = 404;","            response.end();","        }).listen(process.env.PORT);","        break;","    }","}());"],"l":{"132":2,"134":2,"139":2,"141":2,"143":2,"144":2,"145":2,"150":1,"157":2,"161":2,"165":2,"167":2,"174":1,"175":2,"181":2,"184":4,"187":4,"188":4,"190":1,"194":2,"197":1,"198":1,"199":1,"200":1,"201":1,"204":1,"205":1,"207":1,"211":1,"213":1,"218":1,"220":1,"223":2,"229":1,"231":1,"233":1,"238":1,"239":2,"240":2,"241":30,"242":30,"243":30,"244":30,"245":1,"248":30,"249":30,"254":30,"258":1,"259":3,"260":2,"264":1,"265":1,"273":1,"276":1,"277":1,"278":1,"279":1,"280":1,"281":1,"282":1,"283":1,"284":1,"285":1,"286":1,"287":1,"288":1,"289":1,"290":1,"291":1,"292":1,"293":1,"294":1,"295":1,"296":1,"297":1,"298":1,"299":1,"300":1,"301":1,"302":1,"303":1,"304":1,"305":1,"306":1,"307":1,"310":1,"312":1,"534":1,"540":4,"541":4,"542":4,"543":1,"552":1,"556":1,"560":6,"562":1,"564":2,"566":1,"568":2,"570":1,"574":1,"575":1,"577":1,"581":1,"584":1,"585":1,"588":1,"589":1,"591":1,"592":1,"593":1,"594":1,"595":1,"596":1,"597":1,"599":1,"600":1,"602":1}}}